------ Day: 2022-06-05 07:48:09.171425 ------
Sent a message to Telegram
#1INCH/USDT Day:  2022-06-05 07:00:10 UTC+7
Processing:  1INCH/USDT 364 2022-06-04 00:00:00 UTC
#ADA/USDT Day:  2022-06-05 07:00:10 UTC+7
Processing:  ADA/USDT 364 2022-06-04 00:00:00 UTC
Sent a message to Telegram
#ALGO/USDT Day:  2022-06-05 07:00:10 UTC+7
Processing:  ALGO/USDT 364 2022-06-04 00:00:00 UTC
#ATA/USDT Day:  2022-06-05 07:00:10 UTC+7
Processing:  ATA/USDT 362 2022-06-04 00:00:00 UTC
Sent a message to Telegram
#ATOM/USDT Day:  2022-06-05 07:00:10 UTC+7
Processing:  ATOM/USDT 364 2022-06-04 00:00:00 UTC
#AVAX/USDT Day:  2022-06-05 07:00:10 UTC+7
Processing:  AVAX/USDT 364 2022-06-04 00:00:00 UTC
#AXS/USDT Day:  2022-06-05 07:00:10 UTC+7
Processing:  AXS/USDT 364 2022-06-04 00:00:00 UTC
#BCH/USDT Day:  2022-06-05 07:00:10 UTC+7
Processing:  BCH/USDT 364 2022-06-04 00:00:00 UTC
#BEAM/USDT Day:  2022-06-05 07:00:10 UTC+7
Processing:  BEAM/USDT 364 2022-06-04 00:00:00 UTC
#BEL/USDT Day:  2022-06-05 07:00:10 UTC+7
Processing:  BEL/USDT 364 2022-06-04 00:00:00 UTC
Sent a message to Telegram
#BETA/USDT Day:  2022-06-05 07:00:10 UTC+7
Processing:  BETA/USDT 239 2022-06-04 00:00:00 UTC
Sent a message to Telegram
#BNB/USDT Day:  2022-06-05 07:00:10 UTC+7
Processing:  BNB/USDT 364 2022-06-04 00:00:00 UTC
Sent a message to Telegram
#BTC/USDT Day:  2022-06-05 07:00:10 UTC+7
Processing:  BTC/USDT 364 2022-06-04 00:00:00 UTC
Sent a message to Telegram
#BTCST/USDT Day:  2022-06-05 07:00:10 UTC+7
Processing:  BTCST/USDT 364 2022-06-04 00:00:00 UTC
#C98/USDT Day:  2022-06-05 07:00:10 UTC+7
Processing:  C98/USDT 316 2022-06-04 00:00:00 UTC
Sent a message to Telegram
#CELO/USDT Day:  2022-06-05 07:00:10 UTC+7
Processing:  CELO/USDT 364 2022-06-04 00:00:00 UTC
Sent a message to Telegram
#CELR/USDT Day:  2022-06-05 07:00:10 UTC+7
Processing:  CELR/USDT 364 2022-06-04 00:00:00 UTC
#CHZ/USDT Day:  2022-06-05 07:00:10 UTC+7
Processing:  CHZ/USDT 364 2022-06-04 00:00:00 UTC
Sent a message to Telegram
#CRV/USDT Day:  2022-06-05 07:00:10 UTC+7
Processing:  CRV/USDT 364 2022-06-04 00:00:00 UTC
Sent a message to Telegram
#CTXC/USDT Day:  2022-06-05 07:00:10 UTC+7
Processing:  CTXC/USDT 364 2022-06-04 00:00:00 UTC
Sent a message to Telegram
#DOGE/USDT Day:  2022-06-05 07:00:10 UTC+7
Processing:  DOGE/USDT 364 2022-06-04 00:00:00 UTC
#DOT/USDT Day:  2022-06-05 07:00:10 UTC+7
Processing:  DOT/USDT 364 2022-06-04 00:00:00 UTC
#DYDX/USDT Day:  2022-06-05 07:00:10 UTC+7
Processing:  DYDX/USDT 268 2022-06-04 00:00:00 UTC
#ETC/USDT Day:  2022-06-05 07:00:10 UTC+7
Processing:  ETC/USDT 364 2022-06-04 00:00:00 UTC
Sent a message to Telegram
#ETH/USDT Day:  2022-06-05 07:00:10 UTC+7
Processing:  ETH/USDT 364 2022-06-04 00:00:00 UTC
#FET/USDT Day:  2022-06-05 07:00:10 UTC+7
Processing:  FET/USDT 364 2022-06-04 00:00:00 UTC
#FIL/USDT Day:  2022-06-05 07:00:10 UTC+7
Processing:  FIL/USDT 364 2022-06-04 00:00:00 UTC
#FLM/USDT Day:  2022-06-05 07:00:10 UTC+7
Processing:  FLM/USDT 364 2022-06-04 00:00:00 UTC
#FTM/USDT Day:  2022-06-05 07:00:10 UTC+7
Processing:  FTM/USDT 364 2022-06-04 00:00:00 UTC
#FTT/USDT Day:  2022-06-05 07:00:10 UTC+7
Processing:  FTT/USDT 364 2022-06-04 00:00:00 UTC
#GHST/USDT Day:  2022-06-05 07:00:10 UTC+7
Processing:  GHST/USDT 288 2022-06-04 00:00:00 UTC
#HIVE/USDT Day:  2022-06-05 07:00:10 UTC+7
Processing:  HIVE/USDT 364 2022-06-04 00:00:00 UTC
Sent a message to Telegram
#ICP/USDT Day:  2022-06-05 07:00:10 UTC+7
Processing:  ICP/USDT 364 2022-06-04 00:00:00 UTC
#KAVA/USDT Day:  2022-06-05 07:00:10 UTC+7
Processing:  KAVA/USDT 364 2022-06-04 00:00:00 UTC
#LINK/USDT Day:  2022-06-05 07:00:10 UTC+7
Processing:  LINK/USDT 364 2022-06-04 00:00:00 UTC
#LTC/USDT Day:  2022-06-05 07:00:10 UTC+7
Processing:  LTC/USDT 364 2022-06-04 00:00:00 UTC
#MANA/USDT Day:  2022-06-05 07:00:10 UTC+7
Processing:  MANA/USDT 364 2022-06-04 00:00:00 UTC
#MATIC/USDT Day:  2022-06-05 07:00:10 UTC+7
Processing:  MATIC/USDT 364 2022-06-04 00:00:00 UTC
#NEAR/USDT Day:  2022-06-05 07:00:10 UTC+7
Processing:  NEAR/USDT 364 2022-06-04 00:00:00 UTC
#OGN/USDT Day:  2022-06-05 07:00:10 UTC+7
Processing:  OGN/USDT 364 2022-06-04 00:00:00 UTC
Sent a message to Telegram
#ONE/USDT Day:  2022-06-05 07:00:10 UTC+7
Processing:  ONE/USDT 364 2022-06-04 00:00:00 UTC
#PERL/USDT Day:  2022-06-05 07:00:10 UTC+7
Processing:  PERL/USDT 364 2022-06-04 00:00:00 UTC
Sent a message to Telegram
#ROSE/USDT Day:  2022-06-05 07:00:10 UTC+7
Processing:  ROSE/USDT 364 2022-06-04 00:00:00 UTC
#SAND/USDT Day:  2022-06-05 07:00:10 UTC+7
Processing:  SAND/USDT 364 2022-06-04 00:00:00 UTC
Sent a message to Telegram
#SFP/USDT Day:  2022-06-05 07:00:10 UTC+7
Processing:  SFP/USDT 364 2022-06-04 00:00:00 UTC
Sent a message to Telegram
#SOL/USDT Day:  2022-06-05 07:00:10 UTC+7
Processing:  SOL/USDT 364 2022-06-04 00:00:00 UTC
#SRM/USDT Day:  2022-06-05 07:00:10 UTC+7
Processing:  SRM/USDT 364 2022-06-04 00:00:00 UTC
#SUPER/USDT Day:  2022-06-05 07:00:10 UTC+7
Processing:  SUPER/USDT 364 2022-06-04 00:00:00 UTC
#SXP/USDT Day:  2022-06-05 07:00:10 UTC+7
Processing:  SXP/USDT 364 2022-06-04 00:00:00 UTC
#TLM/USDT Day:  2022-06-05 07:00:10 UTC+7
Processing:  TLM/USDT 364 2022-06-04 00:00:00 UTC
#TROY/USDT Day:  2022-06-05 07:00:10 UTC+7
Processing:  TROY/USDT 364 2022-06-04 00:00:00 UTC
Sent a message to Telegram
#TRX/USDT Day:  2022-06-05 07:00:10 UTC+7
Processing:  TRX/USDT 364 2022-06-04 00:00:00 UTC
Sent a message to Telegram
#UNI/USDT Day:  2022-06-05 07:00:10 UTC+7
Processing:  UNI/USDT 364 2022-06-04 00:00:00 UTC
#WAVES/USDT Day:  2022-06-05 07:00:10 UTC+7
Processing:  WAVES/USDT 364 2022-06-04 00:00:00 UTC
Flood control exceeded. Retry in 11.0 seconds
#WRX/USDT Day:  2022-06-05 07:00:10 UTC+7
Processing:  WRX/USDT 364 2022-06-04 00:00:00 UTC
#XTZ/USDT Day:  2022-06-05 07:00:10 UTC+7
Processing:  XTZ/USDT 364 2022-06-04 00:00:00 UTC
Flood control exceeded. Retry in 9.0 seconds
------ EOD: 2022-06-05 07:48:09.171425 ------
Flood control exceeded. Retry in 9.0 seconds
------ Day: 2022-06-05 09:20:02.054868 ------
Sent a message to Telegram
#1INCH/USDT Day:  2022-06-05 07:00:10 UTC+7
Processing:  1INCH/USDT 364 2022-06-04 00:00:00 UTC
#ADA/USDT Day:  2022-06-05 07:00:10 UTC+7
Processing:  ADA/USDT 364 2022-06-04 00:00:00 UTC
 #ADA/USDT Day: 04, Jun 2022
 - Buy at: 0.550 - 0.568
 - Stoploss at : 0.505 -10.80%
 - Zone 1.172: 22T
 - Zone 1.392: 21T
 - Zone 0.532: 13T
 - Zone 2.127: 13T
 - Close at : 0.567
 - Value at MA5: 0.578
 - Value at MA10: 0.534
 - Value at MA20: 0.533
Sent a message to Telegram
#ALGO/USDT Day:  2022-06-05 07:00:10 UTC+7
Processing:  ALGO/USDT 364 2022-06-04 00:00:00 UTC
#ATA/USDT Day:  2022-06-05 07:00:10 UTC+7
Processing:  ATA/USDT 362 2022-06-04 00:00:00 UTC
 #ATA/USDT Day: 04, Jun 2022
 - Predict MA10 >= MA20 can buy
 - Can Buy at: 0.153
 - Bar is highWave 
 - Stoploss at : 0.130 -14.81%
 - Zone 0.466: 16T
 - Zone 0.972: 14T
 - Zone 1.557: 11T
 - Zone 0.161: 10T
 - Close at : 0.153
 - Value at MA5: 0.161
 - Value at MA10: 0.158
 - Value at MA20: 0.158
Sent a message to Telegram
#ATOM/USDT Day:  2022-06-05 07:00:10 UTC+7
Processing:  ATOM/USDT 364 2022-06-04 00:00:00 UTC
#AVAX/USDT Day:  2022-06-05 07:00:10 UTC+7
Processing:  AVAX/USDT 364 2022-06-04 00:00:00 UTC
#AXS/USDT Day:  2022-06-05 07:00:10 UTC+7
Processing:  AXS/USDT 364 2022-06-04 00:00:00 UTC
#BCH/USDT Day:  2022-06-05 07:00:10 UTC+7
Processing:  BCH/USDT 364 2022-06-04 00:00:00 UTC
#BEAM/USDT Day:  2022-06-05 07:00:10 UTC+7
Processing:  BEAM/USDT 364 2022-06-04 00:00:00 UTC
#BEL/USDT Day:  2022-06-05 07:00:10 UTC+7
Processing:  BEL/USDT 364 2022-06-04 00:00:00 UTC
 #BEL/USDT Day: 04, Jun 2022
 - Bar price drop -19.94%
 - Bar is marubozu 
 - Near the support/resistance zone
 - Profit now: 62.86%
 - Zone 0.980: 35T
 - Zone 0.858: 18T
 - Zone 1.681: 11T
 - Zone 0.336: 7T
 - Close at : 0.855
 - Value at MA5: 0.848
 - Value at MA10: 0.740
 - Value at MA20: 0.544
Sent a message to Telegram
#BETA/USDT Day:  2022-06-05 07:00:10 UTC+7
Processing:  BETA/USDT 239 2022-06-04 00:00:00 UTC
 #BETA/USDT Day: 04, Jun 2022
 - Rebuy at: 0.128 - 0.140
 - Near the support/resistance zone
 - MA5 < MA10 warning hold
 - Stoploss at : 0.105 -25.10%
 - Zone 0.135: 2809050T
 - Zone 0.473: 2736210T
 - Zone 3.227: 563560T
 - Close at : 0.133
 - Value at MA5: 0.126
 - Value at MA10: 0.129
 - Value at MA20: 0.126
Sent a message to Telegram
#BNB/USDT Day:  2022-06-05 07:00:10 UTC+7
Processing:  BNB/USDT 364 2022-06-04 00:00:00 UTC
 #BNB/USDT Day: 04, Jun 2022
 - Sell at: 300.697 - 306.536
 - Near the support/resistance zone
 - MA5 < MA10 warning hold
 - Profit now: -0.56%
 - Zone 301.776: 9T
 - Zone 415.443: 7T
 - Zone 355.393: 6T
 - Zone 473.349: 5T
 - Close at : 301.300
 - Value at MA5: 305.900
 - Value at MA10: 306.920
 - Value at MA20: 308.630
Sent a message to Telegram
#BTC/USDT Day:  2022-06-05 07:00:10 UTC+7
Processing:  BTC/USDT 364 2022-06-04 00:00:00 UTC
 #BTC/USDT Day: 04, Jun 2022
 - Rebuy at: 30224.137 - 30513.525
 - Near the support/resistance zone
 - Stoploss at : 28787.385 -5.47%
 - Zone 39605.940: 19T
 - Zone 29375.751: 18T
 - Zone 46852.324: 18T
 - Zone 33744.894: 14T
 - Close at : 29864.040
 - Value at MA5: 30324.748
 - Value at MA10: 29968.854
 - Value at MA20: 29814.396
Sent a message to Telegram
#BTCST/USDT Day:  2022-06-05 07:00:10 UTC+7
Processing:  BTCST/USDT 364 2022-06-04 00:00:00 UTC
#C98/USDT Day:  2022-06-05 07:00:10 UTC+7
Processing:  C98/USDT 316 2022-06-04 00:00:00 UTC
 #C98/USDT Day: 04, Jun 2022
 - Rebuy at: 0.560
 - Stoploss at : 0.559 0.00%
 - Zone 1.243: 23T
 - Zone 2.008: 23T
 - Zone 5.147: 16T
 - Zone 0.722: 13T
 - Close at : 0.626
 - Value at MA5: 0.640
 - Value at MA10: 0.620
 - Value at MA20: 0.593
Sent a message to Telegram
#CELO/USDT Day:  2022-06-05 07:00:10 UTC+7
Processing:  CELO/USDT 364 2022-06-04 00:00:00 UTC
 #CELO/USDT Day: 04, Jun 2022
 - Rebuy at: 1.284
 - Bar is highWave 
 - MA5 < MA10 warning hold
 - Predict MA10 < MA20 should sell
 - Stoploss at : 1.115 -12.97%
 - Zone 3.064: 31T
 - Zone 1.394: 24T
 - Zone 5.012: 20T
 - Zone 6.229: 18T
 - Close at : 1.281
 - Value at MA5: 1.343
 - Value at MA10: 1.357
 - Value at MA20: 1.351
Sent a message to Telegram
#CELR/USDT Day:  2022-06-05 07:00:10 UTC+7
Processing:  CELR/USDT 364 2022-06-04 00:00:00 UTC
#CHZ/USDT Day:  2022-06-05 07:00:10 UTC+7
Processing:  CHZ/USDT 364 2022-06-04 00:00:00 UTC
 #CHZ/USDT Day: 04, Jun 2022
 - Predict MA10 >= MA20 can buy
 - Can Buy at: 0.120 - 0.128
 - Stoploss at : 0.116 -9.43%
 - Zone 0.330: 81T
 - Zone 0.244: 81T
 - Zone 0.294: 77T
 - Zone 0.418: 36T
 - Close at : 0.128
 - Value at MA5: 0.123
 - Value at MA10: 0.118
 - Value at MA20: 0.119
Sent a message to Telegram
#CRV/USDT Day:  2022-06-05 07:00:10 UTC+7
Processing:  CRV/USDT 364 2022-06-04 00:00:00 UTC
 #CRV/USDT Day: 04, Jun 2022
 - Buy at: 1.181
 - Stoploss at : 1.031 -12.55%
 - Zone 2.243: 193T
 - Zone 2.854: 166T
 - Zone 1.453: 83T
 - Zone 4.745: 81T
 - Close at : 1.179
 - Value at MA5: 1.251
 - Value at MA10: 1.250
 - Value at MA20: 1.248
Sent a message to Telegram
#CTXC/USDT Day:  2022-06-05 07:00:10 UTC+7
Processing:  CTXC/USDT 364 2022-06-04 00:00:00 UTC
 #CTXC/USDT Day: 04, Jun 2022
 - Rebuy at: 0.134 - 0.136
 - Near the support/resistance zone
 - MA5 < MA10 warning hold
 - Stoploss at : 0.113 -16.38%
 - Zone 0.218: 81421543692697266709131740275992566956032T
 - Zone 0.297: 63904454288761337929859622984378545602560T
 - Zone 0.146: 53383348974889148682764406218466942517248T
 - Zone 0.421: 47530766886085838897941919055334550274048T
 - Close at : 0.142
 - Value at MA5: 0.141
 - Value at MA10: 0.142
 - Value at MA20: 0.138
Sent a message to Telegram
#DOGE/USDT Day:  2022-06-05 07:00:10 UTC+7
Processing:  DOGE/USDT 364 2022-06-04 00:00:00 UTC
#DOT/USDT Day:  2022-06-05 07:00:10 UTC+7
Processing:  DOT/USDT 364 2022-06-04 00:00:00 UTC
#DYDX/USDT Day:  2022-06-05 07:00:10 UTC+7
Processing:  DYDX/USDT 268 2022-06-04 00:00:00 UTC
#ETC/USDT Day:  2022-06-05 07:00:10 UTC+7
Processing:  ETC/USDT 364 2022-06-04 00:00:00 UTC
 #ETC/USDT Day: 04, Jun 2022
 - Rebuy at: 22.217 - 22.785
 - MA5 < MA10 warning hold
 - Stoploss at : 20.455 -10.05%
 - Zone 48.553: 117T
 - Zone 56.853: 105T
 - Zone 38.409: 91T
 - Zone 24.269: 56T
 - Close at : 21.980
 - Value at MA5: 22.406
 - Value at MA10: 22.769
 - Value at MA20: 22.122
Sent a message to Telegram
#ETH/USDT Day:  2022-06-05 07:00:10 UTC+7
Processing:  ETH/USDT 364 2022-06-04 00:00:00 UTC
#FET/USDT Day:  2022-06-05 07:00:10 UTC+7
Processing:  FET/USDT 364 2022-06-04 00:00:00 UTC
#FIL/USDT Day:  2022-06-05 07:00:10 UTC+7
Processing:  FIL/USDT 364 2022-06-04 00:00:00 UTC
#FLM/USDT Day:  2022-06-05 07:00:10 UTC+7
Processing:  FLM/USDT 364 2022-06-04 00:00:00 UTC
#FTM/USDT Day:  2022-06-05 07:00:10 UTC+7
Processing:  FTM/USDT 364 2022-06-04 00:00:00 UTC
#FTT/USDT Day:  2022-06-05 07:00:10 UTC+7
Processing:  FTT/USDT 364 2022-06-04 00:00:00 UTC
#GHST/USDT Day:  2022-06-05 07:00:10 UTC+7
Processing:  GHST/USDT 288 2022-06-04 00:00:00 UTC
#HIVE/USDT Day:  2022-06-05 07:00:10 UTC+7
Processing:  HIVE/USDT 364 2022-06-04 00:00:00 UTC
 #HIVE/USDT Day: 04, Jun 2022
 - Rebuy at: 0.512 - 0.580
 - Bar is highWave 
 - Stoploss at : 0.508 -12.12%
 - Zone 0.874: 545928T
 - Zone 0.438: 455203T
 - Zone 0.340: 417462T
 - Zone 1.129: 237303T
 - Close at : 0.536
 - Value at MA5: 0.547
 - Value at MA10: 0.511
 - Value at MA20: 0.503
Sent a message to Telegram
#ICP/USDT Day:  2022-06-05 07:00:10 UTC+7
Processing:  ICP/USDT 364 2022-06-04 00:00:00 UTC
#KAVA/USDT Day:  2022-06-05 07:00:10 UTC+7
Processing:  KAVA/USDT 364 2022-06-04 00:00:00 UTC
#LINK/USDT Day:  2022-06-05 07:00:10 UTC+7
Processing:  LINK/USDT 364 2022-06-04 00:00:00 UTC
#LTC/USDT Day:  2022-06-05 07:00:10 UTC+7
Processing:  LTC/USDT 364 2022-06-04 00:00:00 UTC
#MANA/USDT Day:  2022-06-05 07:00:10 UTC+7
Processing:  MANA/USDT 364 2022-06-04 00:00:00 UTC
#MATIC/USDT Day:  2022-06-05 07:00:10 UTC+7
Processing:  MATIC/USDT 364 2022-06-04 00:00:00 UTC
#NEAR/USDT Day:  2022-06-05 07:00:10 UTC+7
Processing:  NEAR/USDT 364 2022-06-04 00:00:00 UTC
#OGN/USDT Day:  2022-06-05 07:00:10 UTC+7
Processing:  OGN/USDT 364 2022-06-04 00:00:00 UTC
 #OGN/USDT Day: 04, Jun 2022
 - Rebuy at: 0.249 - 0.295
 - Near the support/resistance zone
 - Stoploss at : 0.243 -17.48%
 - Zone 0.610: 318T
 - Zone 0.675: 213T
 - Zone 0.341: 189T
 - Zone 0.280: 176T
 - Close at : 0.291
 - Value at MA5: 0.296
 - Value at MA10: 0.251
 - Value at MA20: 0.244
Sent a message to Telegram
#ONE/USDT Day:  2022-06-05 07:00:10 UTC+7
Processing:  ONE/USDT 364 2022-06-04 00:00:00 UTC
#PERL/USDT Day:  2022-06-05 07:00:10 UTC+7
Processing:  PERL/USDT 364 2022-06-04 00:00:00 UTC
 #PERL/USDT Day: 04, Jun 2022
 - Rebuy at: 0.019
 - MA5 < MA10 warning hold
 - Stoploss at : 0.015 -19.84%
 - Zone 0.060: 268T
 - Zone 0.093: 267T
 - Zone 0.117: 210T
 - Zone 0.087: 208T
 - Close at : 0.019
 - Value at MA5: 0.020
 - Value at MA10: 0.020
 - Value at MA20: 0.019
Sent a message to Telegram
#ROSE/USDT Day:  2022-06-05 07:00:10 UTC+7
Processing:  ROSE/USDT 364 2022-06-04 00:00:00 UTC
#SAND/USDT Day:  2022-06-05 07:00:10 UTC+7
Processing:  SAND/USDT 364 2022-06-04 00:00:00 UTC
 #SAND/USDT Day: 04, Jun 2022
 - Stoploss reached at: 1.258
 - Rebuy at: 1.337 - 1.441
 - Stoploss at : 1.258 -12.51%
 - Zone 0.657: 42T
 - Zone 3.110: 16T
 - Close at : 1.296
 - Value at MA5: 1.347
 - Value at MA10: 1.344
 - Value at MA20: 1.329
Sent a message to Telegram
#SFP/USDT Day:  2022-06-05 07:00:10 UTC+7
Processing:  SFP/USDT 364 2022-06-04 00:00:00 UTC
 #SFP/USDT Day: 04, Jun 2022
 - Rebuy at: 0.380
 - MA5 < MA10 warning hold
 - Stoploss at : 0.379 0.00%
 - Zone 0.741: 627925T
 - Zone 1.055: 537480T
 - Zone 2.372: 526058T
 - Zone 1.901: 373466T
 - Close at : 0.404
 - Value at MA5: 0.409
 - Value at MA10: 0.411
 - Value at MA20: 0.401
Sent a message to Telegram
#SOL/USDT Day:  2022-06-05 07:00:10 UTC+7
Processing:  SOL/USDT 364 2022-06-04 00:00:00 UTC
#SRM/USDT Day:  2022-06-05 07:00:10 UTC+7
Processing:  SRM/USDT 364 2022-06-04 00:00:00 UTC
#SUPER/USDT Day:  2022-06-05 07:00:10 UTC+7
Processing:  SUPER/USDT 364 2022-06-04 00:00:00 UTC
#SXP/USDT Day:  2022-06-05 07:00:10 UTC+7
Processing:  SXP/USDT 364 2022-06-04 00:00:00 UTC
#TLM/USDT Day:  2022-06-05 07:00:10 UTC+7
Processing:  TLM/USDT 364 2022-06-04 00:00:00 UTC
#TROY/USDT Day:  2022-06-05 07:00:10 UTC+7
Processing:  TROY/USDT 364 2022-06-04 00:00:00 UTC
 #TROY/USDT Day: 04, Jun 2022
 - Rebuy at: 0.004 - 0.004
 - Stoploss at : 0.003 -21.78%
 - Zone 0.009: 76T
 - Zone 0.013: 50T
 - Zone 0.014: 43T
 - Zone 0.011: 34T
 - Close at : 0.004
 - Value at MA5: 0.004
 - Value at MA10: 0.004
 - Value at MA20: 0.004
Sent a message to Telegram
#TRX/USDT Day:  2022-06-05 07:00:10 UTC+7
Processing:  TRX/USDT 364 2022-06-04 00:00:00 UTC
 #TRX/USDT Day: 04, Jun 2022
 - Rebuy at: 0.078 - 0.082
 - Histogram cross-down below 0
 - Stoploss at : 0.075 -9.10%
 - Zone 0.061: 33T
 - Zone 0.068: 28T
 - Zone 0.087: 26T
 - Zone 0.072: 26T
 - Close at : 0.080
 - Value at MA5: 0.083
 - Value at MA10: 0.082
 - Value at MA20: 0.079
Sent a message to Telegram
#UNI/USDT Day:  2022-06-05 07:00:10 UTC+7
Processing:  UNI/USDT 364 2022-06-04 00:00:00 UTC
#WAVES/USDT Day:  2022-06-05 07:00:10 UTC+7
Processing:  WAVES/USDT 364 2022-06-04 00:00:00 UTC
 #WAVES/USDT Day: 04, Jun 2022
 - Rebuy at: 6.953 - 9.539
 - Bar price drop -9.11%
 - Near the support/resistance zone
 - Stoploss at : 7.843 -17.62%
 - Zone 9.217: 540470619354991T
 - Zone 13.878: 218572961403106T
 - Zone 28.407: 129602685617542T
 - Zone 22.239: 126987589137026T
 - Close at : 8.880
 - Value at MA5: 9.278
 - Value at MA10: 7.215
 - Value at MA20: 6.609
Flood control exceeded. Retry in 10.0 seconds
#WRX/USDT Day:  2022-06-05 07:00:10 UTC+7
Processing:  WRX/USDT 364 2022-06-04 00:00:00 UTC
#XTZ/USDT Day:  2022-06-05 07:00:10 UTC+7
Processing:  XTZ/USDT 364 2022-06-04 00:00:00 UTC
 #XTZ/USDT Day: 04, Jun 2022
 - Rebuy at: 1.924 - 1.975
 - Stoploss at : 1.744 -11.52%
 - Zone 3.028: 60T
 - Zone 4.415: 56T
 - Zone 5.628: 55T
 - Zone 6.168: 53T
 - Close at : 1.912
 - Value at MA5: 1.968
 - Value at MA10: 1.961
 - Value at MA20: 1.917
Timed out
------ EOD: 2022-06-05 09:20:02.054868 ------
Timed out
------ Day: 2022-06-05 13:50:31.604122 ------
Sent a message to Telegram
#1INCH/USDT Day:  2022-06-05 07:00:10 UTC+7
Processing:  1INCH/USDT 364 2022-06-04 00:00:00 UTC
#ADA/USDT Day:  2022-06-05 07:00:10 UTC+7
Processing:  ADA/USDT 364 2022-06-04 00:00:00 UTC
 #ADA/USDT Day: 04, Jun 2022
 - Buy at: 0.550 - 0.568
 - Stoploss at : 0.505 -10.80%
 - Zone 1.172: 22T
 - Zone 1.392: 21T
 - Zone 0.532: 13T
 - Zone 2.127: 13T
 - Close at : 0.567
 - Value at MA5: 0.578
 - Value at MA10: 0.534
 - Value at MA20: 0.533
Sent a message to Telegram
#ALGO/USDT Day:  2022-06-05 07:00:10 UTC+7
Processing:  ALGO/USDT 364 2022-06-04 00:00:00 UTC
#ATA/USDT Day:  2022-06-05 07:00:10 UTC+7
Processing:  ATA/USDT 362 2022-06-04 00:00:00 UTC
 #ATA/USDT Day: 04, Jun 2022
 - Predict MA10 >= MA20 can buy
 - Can Buy at: 0.153
 - Bar is highWave 
 - Stoploss at : 0.130 -14.81%
 - Zone 0.466: 16T
 - Zone 0.972: 14T
 - Zone 1.557: 11T
 - Zone 0.161: 10T
 - Close at : 0.153
 - Value at MA5: 0.161
 - Value at MA10: 0.158
 - Value at MA20: 0.158
Sent a message to Telegram
#ATOM/USDT Day:  2022-06-05 07:00:10 UTC+7
Processing:  ATOM/USDT 364 2022-06-04 00:00:00 UTC
#AVAX/USDT Day:  2022-06-05 07:00:10 UTC+7
Processing:  AVAX/USDT 364 2022-06-04 00:00:00 UTC
#AXS/USDT Day:  2022-06-05 07:00:10 UTC+7
Processing:  AXS/USDT 364 2022-06-04 00:00:00 UTC
#BCH/USDT Day:  2022-06-05 07:00:10 UTC+7
Processing:  BCH/USDT 364 2022-06-04 00:00:00 UTC
#BEAM/USDT Day:  2022-06-05 07:00:10 UTC+7
Processing:  BEAM/USDT 364 2022-06-04 00:00:00 UTC
#BEL/USDT Day:  2022-06-05 07:00:10 UTC+7
Processing:  BEL/USDT 364 2022-06-04 00:00:00 UTC
 #BEL/USDT Day: 04, Jun 2022
 - Bar price drop -19.94%
 - Bar is marubozu 
 - Near the support/resistance zone
 - Profit now: 62.86%
 - Zone 0.980: 35T
 - Zone 0.858: 19T
 - Zone 1.681: 11T
 - Zone 0.336: 7T
 - Close at : 0.855
 - Value at MA5: 0.848
 - Value at MA10: 0.740
 - Value at MA20: 0.544
Sent a message to Telegram
#BETA/USDT Day:  2022-06-05 07:00:10 UTC+7
Processing:  BETA/USDT 239 2022-06-04 00:00:00 UTC
 #BETA/USDT Day: 04, Jun 2022
 - Rebuy at: 0.128 - 0.140
 - Near the support/resistance zone
 - MA5 < MA10 warning hold
 - Stoploss at : 0.105 -25.10%
 - Zone 0.135: 2822338T
 - Zone 0.473: 2743217T
 - Zone 3.227: 565047T
 - Close at : 0.133
 - Value at MA5: 0.126
 - Value at MA10: 0.129
 - Value at MA20: 0.126
Sent a message to Telegram
#BNB/USDT Day:  2022-06-05 07:00:10 UTC+7
Processing:  BNB/USDT 364 2022-06-04 00:00:00 UTC
 #BNB/USDT Day: 04, Jun 2022
 - Sell at: 300.697 - 306.536
 - Near the support/resistance zone
 - MA5 < MA10 warning hold
 - Profit now: -0.56%
 - Zone 301.776: 9T
 - Zone 415.443: 7T
 - Zone 355.393: 6T
 - Zone 473.349: 5T
 - Close at : 301.300
 - Value at MA5: 305.900
 - Value at MA10: 306.920
 - Value at MA20: 308.630
Sent a message to Telegram
#BTC/USDT Day:  2022-06-05 07:00:10 UTC+7
Processing:  BTC/USDT 364 2022-06-04 00:00:00 UTC
 #BTC/USDT Day: 04, Jun 2022
 - Rebuy at: 30224.137 - 30513.525
 - Near the support/resistance zone
 - Stoploss at : 28787.385 -5.47%
 - Zone 39605.940: 19T
 - Zone 29375.751: 18T
 - Zone 46852.324: 18T
 - Zone 33744.894: 14T
 - Close at : 29864.040
 - Value at MA5: 30324.748
 - Value at MA10: 29968.854
 - Value at MA20: 29814.396
Sent a message to Telegram
#BTCST/USDT Day:  2022-06-05 07:00:10 UTC+7
Processing:  BTCST/USDT 364 2022-06-04 00:00:00 UTC
#C98/USDT Day:  2022-06-05 07:00:10 UTC+7
Processing:  C98/USDT 316 2022-06-04 00:00:00 UTC
 #C98/USDT Day: 04, Jun 2022
 - Rebuy at: 0.560
 - Stoploss at : 0.559 0.00%
 - Zone 1.243: 23T
 - Zone 2.008: 23T
 - Zone 5.147: 16T
 - Zone 0.722: 13T
 - Close at : 0.626
 - Value at MA5: 0.640
 - Value at MA10: 0.620
 - Value at MA20: 0.593
Sent a message to Telegram
#CELO/USDT Day:  2022-06-05 07:00:10 UTC+7
Processing:  CELO/USDT 364 2022-06-04 00:00:00 UTC
 #CELO/USDT Day: 04, Jun 2022
 - Rebuy at: 1.284
 - Bar is highWave 
 - MA5 < MA10 warning hold
 - Predict MA10 < MA20 should sell
 - Stoploss at : 1.115 -12.97%
 - Zone 3.064: 31T
 - Zone 1.394: 24T
 - Zone 5.012: 20T
 - Zone 6.229: 18T
 - Close at : 1.281
 - Value at MA5: 1.343
 - Value at MA10: 1.357
 - Value at MA20: 1.351
Sent a message to Telegram
#CELR/USDT Day:  2022-06-05 07:00:10 UTC+7
Processing:  CELR/USDT 364 2022-06-04 00:00:00 UTC
#CHZ/USDT Day:  2022-06-05 07:00:10 UTC+7
Processing:  CHZ/USDT 364 2022-06-04 00:00:00 UTC
 #CHZ/USDT Day: 04, Jun 2022
 - Predict MA10 >= MA20 can buy
 - Can Buy at: 0.120 - 0.128
 - Stoploss at : 0.116 -9.43%
 - Zone 0.330: 81T
 - Zone 0.244: 81T
 - Zone 0.294: 77T
 - Zone 0.418: 36T
 - Close at : 0.128
 - Value at MA5: 0.123
 - Value at MA10: 0.118
 - Value at MA20: 0.119
Sent a message to Telegram
#CRV/USDT Day:  2022-06-05 07:00:10 UTC+7
Processing:  CRV/USDT 364 2022-06-04 00:00:00 UTC
 #CRV/USDT Day: 04, Jun 2022
 - Buy at: 1.181
 - Stoploss at : 1.031 -12.55%
 - Zone 2.243: 193T
 - Zone 2.854: 166T
 - Zone 1.453: 83T
 - Zone 4.745: 81T
 - Close at : 1.179
 - Value at MA5: 1.251
 - Value at MA10: 1.250
 - Value at MA20: 1.248
Sent a message to Telegram
#CTXC/USDT Day:  2022-06-05 07:00:10 UTC+7
Processing:  CTXC/USDT 364 2022-06-04 00:00:00 UTC
 #CTXC/USDT Day: 04, Jun 2022
 - Rebuy at: 0.134 - 0.136
 - Near the support/resistance zone
 - MA5 < MA10 warning hold
 - Stoploss at : 0.113 -16.38%
 - Zone 0.218: 81373846869712757085632340028017839439872T
 - Zone 0.297: 63866964520338705799142124743831695917056T
 - Zone 0.146: 53370339776472552388982161549420589481984T
 - Zone 0.421: 47502858183330443906882207623198676090880T
 - Close at : 0.142
 - Value at MA5: 0.141
 - Value at MA10: 0.142
 - Value at MA20: 0.138
Sent a message to Telegram
#DOGE/USDT Day:  2022-06-05 07:00:10 UTC+7
Processing:  DOGE/USDT 364 2022-06-04 00:00:00 UTC
#DOT/USDT Day:  2022-06-05 07:00:10 UTC+7
Processing:  DOT/USDT 364 2022-06-04 00:00:00 UTC
#DYDX/USDT Day:  2022-06-05 07:00:10 UTC+7
Processing:  DYDX/USDT 268 2022-06-04 00:00:00 UTC
#ETC/USDT Day:  2022-06-05 07:00:10 UTC+7
Processing:  ETC/USDT 364 2022-06-04 00:00:00 UTC
 #ETC/USDT Day: 04, Jun 2022
 - Rebuy at: 22.217 - 22.785
 - MA5 < MA10 warning hold
 - Stoploss at : 20.455 -10.05%
 - Zone 48.553: 117T
 - Zone 56.853: 105T
 - Zone 38.409: 91T
 - Zone 24.269: 56T
 - Close at : 21.980
 - Value at MA5: 22.406
 - Value at MA10: 22.769
 - Value at MA20: 22.122
Sent a message to Telegram
#ETH/USDT Day:  2022-06-05 07:00:10 UTC+7
Processing:  ETH/USDT 364 2022-06-04 00:00:00 UTC
#FET/USDT Day:  2022-06-05 07:00:10 UTC+7
Processing:  FET/USDT 364 2022-06-04 00:00:00 UTC
#FIL/USDT Day:  2022-06-05 07:00:10 UTC+7
Processing:  FIL/USDT 364 2022-06-04 00:00:00 UTC
#FLM/USDT Day:  2022-06-05 07:00:10 UTC+7
Processing:  FLM/USDT 364 2022-06-04 00:00:00 UTC
#FTM/USDT Day:  2022-06-05 07:00:10 UTC+7
Processing:  FTM/USDT 364 2022-06-04 00:00:00 UTC
#FTT/USDT Day:  2022-06-05 07:00:10 UTC+7
Processing:  FTT/USDT 364 2022-06-04 00:00:00 UTC
#GHST/USDT Day:  2022-06-05 07:00:10 UTC+7
Processing:  GHST/USDT 288 2022-06-04 00:00:00 UTC
#HIVE/USDT Day:  2022-06-05 07:00:10 UTC+7
Processing:  HIVE/USDT 364 2022-06-04 00:00:00 UTC
 #HIVE/USDT Day: 04, Jun 2022
 - Rebuy at: 0.512 - 0.580
 - Bar is highWave 
 - Stoploss at : 0.508 -12.12%
 - Zone 0.874: 547813T
 - Zone 0.438: 456784T
 - Zone 0.340: 418902T
 - Zone 1.129: 238129T
 - Close at : 0.536
 - Value at MA5: 0.547
 - Value at MA10: 0.511
 - Value at MA20: 0.503
Sent a message to Telegram
#ICP/USDT Day:  2022-06-05 07:00:10 UTC+7
Processing:  ICP/USDT 364 2022-06-04 00:00:00 UTC
#KAVA/USDT Day:  2022-06-05 07:00:10 UTC+7
Processing:  KAVA/USDT 364 2022-06-04 00:00:00 UTC
#LINK/USDT Day:  2022-06-05 07:00:10 UTC+7
Processing:  LINK/USDT 364 2022-06-04 00:00:00 UTC
#LTC/USDT Day:  2022-06-05 07:00:10 UTC+7
Processing:  LTC/USDT 364 2022-06-04 00:00:00 UTC
#MANA/USDT Day:  2022-06-05 07:00:10 UTC+7
Processing:  MANA/USDT 364 2022-06-04 00:00:00 UTC
#MATIC/USDT Day:  2022-06-05 07:00:10 UTC+7
Processing:  MATIC/USDT 364 2022-06-04 00:00:00 UTC
#NEAR/USDT Day:  2022-06-05 07:00:10 UTC+7
Processing:  NEAR/USDT 364 2022-06-04 00:00:00 UTC
#OGN/USDT Day:  2022-06-05 07:00:10 UTC+7
Processing:  OGN/USDT 364 2022-06-04 00:00:00 UTC
 #OGN/USDT Day: 04, Jun 2022
 - Rebuy at: 0.249 - 0.295
 - Near the support/resistance zone
 - Stoploss at : 0.243 -17.48%
 - Zone 0.610: 318T
 - Zone 0.675: 213T
 - Zone 0.341: 189T
 - Zone 0.280: 177T
 - Close at : 0.291
 - Value at MA5: 0.296
 - Value at MA10: 0.251
 - Value at MA20: 0.244
Sent a message to Telegram
#ONE/USDT Day:  2022-06-05 07:00:10 UTC+7
Processing:  ONE/USDT 364 2022-06-04 00:00:00 UTC
#PERL/USDT Day:  2022-06-05 07:00:10 UTC+7
Processing:  PERL/USDT 364 2022-06-04 00:00:00 UTC
 #PERL/USDT Day: 04, Jun 2022
 - Rebuy at: 0.019
 - MA5 < MA10 warning hold
 - Stoploss at : 0.015 -19.84%
 - Zone 0.060: 267T
 - Zone 0.093: 266T
 - Zone 0.117: 209T
 - Zone 0.087: 207T
 - Close at : 0.019
 - Value at MA5: 0.020
 - Value at MA10: 0.020
 - Value at MA20: 0.019
Sent a message to Telegram
#ROSE/USDT Day:  2022-06-05 07:00:10 UTC+7
Processing:  ROSE/USDT 364 2022-06-04 00:00:00 UTC
#SAND/USDT Day:  2022-06-05 07:00:10 UTC+7
Processing:  SAND/USDT 364 2022-06-04 00:00:00 UTC
 #SAND/USDT Day: 04, Jun 2022
 - Stoploss reached at: 1.258
 - Rebuy at: 1.337 - 1.441
 - Stoploss at : 1.258 -12.51%
 - Zone 0.657: 42T
 - Zone 3.110: 16T
 - Close at : 1.296
 - Value at MA5: 1.347
 - Value at MA10: 1.344
 - Value at MA20: 1.329
Sent a message to Telegram
#SFP/USDT Day:  2022-06-05 07:00:10 UTC+7
Processing:  SFP/USDT 364 2022-06-04 00:00:00 UTC
 #SFP/USDT Day: 04, Jun 2022
 - Rebuy at: 0.380
 - MA5 < MA10 warning hold
 - Stoploss at : 0.379 0.00%
 - Zone 0.741: 626918T
 - Zone 1.055: 536616T
 - Zone 2.372: 525202T
 - Zone 1.901: 372862T
 - Close at : 0.404
 - Value at MA5: 0.409
 - Value at MA10: 0.411
 - Value at MA20: 0.401
Sent a message to Telegram
#SOL/USDT Day:  2022-06-05 07:00:10 UTC+7
Processing:  SOL/USDT 364 2022-06-04 00:00:00 UTC
#SRM/USDT Day:  2022-06-05 07:00:10 UTC+7
Processing:  SRM/USDT 364 2022-06-04 00:00:00 UTC
#SUPER/USDT Day:  2022-06-05 07:00:10 UTC+7
Processing:  SUPER/USDT 364 2022-06-04 00:00:00 UTC
#SXP/USDT Day:  2022-06-05 07:00:10 UTC+7
Processing:  SXP/USDT 364 2022-06-04 00:00:00 UTC
#TLM/USDT Day:  2022-06-05 07:00:10 UTC+7
Processing:  TLM/USDT 364 2022-06-04 00:00:00 UTC
#TROY/USDT Day:  2022-06-05 07:00:10 UTC+7
Processing:  TROY/USDT 364 2022-06-04 00:00:00 UTC
 #TROY/USDT Day: 04, Jun 2022
 - Rebuy at: 0.004 - 0.004
 - Stoploss at : 0.003 -21.78%
 - Zone 0.009: 76T
 - Zone 0.013: 50T
 - Zone 0.014: 43T
 - Zone 0.011: 34T
 - Close at : 0.004
 - Value at MA5: 0.004
 - Value at MA10: 0.004
 - Value at MA20: 0.004
Sent a message to Telegram
#TRX/USDT Day:  2022-06-05 07:00:10 UTC+7
Processing:  TRX/USDT 364 2022-06-04 00:00:00 UTC
 #TRX/USDT Day: 04, Jun 2022
 - Rebuy at: 0.078 - 0.082
 - Histogram cross-down below 0
 - Stoploss at : 0.075 -9.10%
 - Zone 0.061: 33T
 - Zone 0.068: 28T
 - Zone 0.087: 26T
 - Zone 0.072: 26T
 - Close at : 0.080
 - Value at MA5: 0.083
 - Value at MA10: 0.082
 - Value at MA20: 0.079
Sent a message to Telegram
#UNI/USDT Day:  2022-06-05 07:00:10 UTC+7
Processing:  UNI/USDT 364 2022-06-04 00:00:00 UTC
#WAVES/USDT Day:  2022-06-05 07:00:10 UTC+7
Processing:  WAVES/USDT 364 2022-06-04 00:00:00 UTC
 #WAVES/USDT Day: 04, Jun 2022
 - Rebuy at: 6.953 - 9.539
 - Bar price drop -9.11%
 - Near the support/resistance zone
 - Stoploss at : 7.843 -17.62%
 - Zone 9.217: 561417903181678T
 - Zone 13.878: 224272574712626T
 - Zone 28.407: 132988756320505T
 - Zone 22.239: 130298550737096T
 - Close at : 8.880
 - Value at MA5: 9.278
 - Value at MA10: 7.215
 - Value at MA20: 6.609
Flood control exceeded. Retry in 10.0 seconds
Sent a message to Telegram
#WRX/USDT Day:  2022-06-05 07:00:10 UTC+7
Processing:  WRX/USDT 364 2022-06-04 00:00:00 UTC
#XTZ/USDT Day:  2022-06-05 07:00:10 UTC+7
Processing:  XTZ/USDT 364 2022-06-04 00:00:00 UTC
 #XTZ/USDT Day: 04, Jun 2022
 - Rebuy at: 1.924 - 1.975
 - Stoploss at : 1.744 -11.52%
 - Zone 3.028: 60T
 - Zone 4.415: 56T
 - Zone 5.628: 55T
 - Zone 6.168: 53T
 - Close at : 1.912
 - Value at MA5: 1.968
 - Value at MA10: 1.961
 - Value at MA20: 1.917
Sent a message to Telegram
------ EOD: 2022-06-05 13:50:31.604122 ------
Sent a message to Telegram
------ Day: 2022-06-05 13:54:34.680146 ------
Sent a message to Telegram
#1INCH/USDT Day:  2022-06-05 07:00:10 UTC+7
Processing:  1INCH/USDT 364 2022-06-04 00:00:00 UTC
#ADA/USDT Day:  2022-06-05 07:00:10 UTC+7
Processing:  ADA/USDT 364 2022-06-04 00:00:00 UTC
 #ADA/USDT Day: 04, Jun 2022
 - Buy at: 0.550 - 0.568
 - Stoploss at : 0.505 -10.80%
 - Zone 1.172: 22T
 - Zone 1.392: 21T
 - Zone 0.532: 13T
 - Zone 2.127: 13T
 - Close at : 0.567
 - Value at MA5: 0.578
 - Value at MA10: 0.534
 - Value at MA20: 0.533
Sent a message to Telegram
#ALGO/USDT Day:  2022-06-05 07:00:10 UTC+7
Processing:  ALGO/USDT 364 2022-06-04 00:00:00 UTC
#ATA/USDT Day:  2022-06-05 07:00:10 UTC+7
Processing:  ATA/USDT 362 2022-06-04 00:00:00 UTC
 #ATA/USDT Day: 04, Jun 2022
 - Predict MA10 >= MA20 can buy
 - Can Buy at: 0.153
 - Bar is highWave 
 - Stoploss at : 0.130 -14.81%
 - Zone 0.466: 16T
 - Zone 0.972: 14T
 - Zone 1.557: 11T
 - Zone 0.161: 10T
 - Close at : 0.153
 - Value at MA5: 0.161
 - Value at MA10: 0.158
 - Value at MA20: 0.158
Sent a message to Telegram
#ATOM/USDT Day:  2022-06-05 07:00:10 UTC+7
Processing:  ATOM/USDT 364 2022-06-04 00:00:00 UTC
#AVAX/USDT Day:  2022-06-05 07:00:10 UTC+7
Processing:  AVAX/USDT 364 2022-06-04 00:00:00 UTC
#AXS/USDT Day:  2022-06-05 07:00:10 UTC+7
Processing:  AXS/USDT 364 2022-06-04 00:00:00 UTC
#BCH/USDT Day:  2022-06-05 07:00:10 UTC+7
Processing:  BCH/USDT 364 2022-06-04 00:00:00 UTC
#BEAM/USDT Day:  2022-06-05 07:00:10 UTC+7
Processing:  BEAM/USDT 364 2022-06-04 00:00:00 UTC
#BEL/USDT Day:  2022-06-05 07:00:10 UTC+7
Processing:  BEL/USDT 364 2022-06-04 00:00:00 UTC
 #BEL/USDT Day: 04, Jun 2022
 - Bar price drop -19.94%
 - Bar is marubozu 
 - Near the support/resistance zone
 - Profit now: 62.86%
 - Zone 0.980: 35T
 - Zone 0.858: 19T
 - Zone 1.681: 11T
 - Zone 0.336: 7T
 - Close at : 0.855
 - Value at MA5: 0.848
 - Value at MA10: 0.740
 - Value at MA20: 0.544
Sent a message to Telegram
#BETA/USDT Day:  2022-06-05 07:00:10 UTC+7
Processing:  BETA/USDT 239 2022-06-04 00:00:00 UTC
 #BETA/USDT Day: 04, Jun 2022
 - Rebuy at: 0.128 - 0.140
 - Near the support/resistance zone
 - MA5 < MA10 warning hold
 - Stoploss at : 0.105 -25.10%
 - Zone 0.135: 2822424T
 - Zone 0.473: 2743262T
 - Zone 3.227: 565057T
 - Close at : 0.133
 - Value at MA5: 0.126
 - Value at MA10: 0.129
 - Value at MA20: 0.126
Sent a message to Telegram
#BNB/USDT Day:  2022-06-05 07:00:10 UTC+7
Processing:  BNB/USDT 364 2022-06-04 00:00:00 UTC
 #BNB/USDT Day: 04, Jun 2022
 - Sell at: 300.697 - 306.536
 - Near the support/resistance zone
 - MA5 < MA10 warning hold
 - Profit now: -0.56%
 - Zone 301.776: 9T
 - Zone 415.443: 7T
 - Zone 355.393: 6T
 - Zone 473.349: 5T
 - Close at : 301.300
 - Value at MA5: 305.900
 - Value at MA10: 306.920
 - Value at MA20: 308.630
Sent a message to Telegram
#BTC/USDT Day:  2022-06-05 07:00:10 UTC+7
Processing:  BTC/USDT 364 2022-06-04 00:00:00 UTC
 #BTC/USDT Day: 04, Jun 2022
 - Rebuy at: 30224.137 - 30513.525
 - Near the support/resistance zone
 - Stoploss at : 28787.385 -5.47%
 - Zone 39605.940: 19T
 - Zone 29375.751: 18T
 - Zone 46852.324: 18T
 - Zone 33744.894: 14T
 - Close at : 29864.040
 - Value at MA5: 30324.748
 - Value at MA10: 29968.854
 - Value at MA20: 29814.396
Sent a message to Telegram
#BTCST/USDT Day:  2022-06-05 07:00:10 UTC+7
Processing:  BTCST/USDT 364 2022-06-04 00:00:00 UTC
#C98/USDT Day:  2022-06-05 07:00:10 UTC+7
Processing:  C98/USDT 316 2022-06-04 00:00:00 UTC
 #C98/USDT Day: 04, Jun 2022
 - Rebuy at: 0.560
 - Stoploss at : 0.559 0.00%
 - Zone 1.243: 23T
 - Zone 2.008: 23T
 - Zone 5.147: 16T
 - Zone 0.722: 13T
 - Close at : 0.626
 - Value at MA5: 0.640
 - Value at MA10: 0.620
 - Value at MA20: 0.593
Sent a message to Telegram
#CELO/USDT Day:  2022-06-05 07:00:10 UTC+7
Processing:  CELO/USDT 364 2022-06-04 00:00:00 UTC
 #CELO/USDT Day: 04, Jun 2022
 - Rebuy at: 1.284
 - Bar is highWave 
 - MA5 < MA10 warning hold
 - Predict MA10 < MA20 should sell
 - Stoploss at : 1.115 -12.97%
 - Zone 3.064: 31T
 - Zone 1.394: 24T
 - Zone 5.012: 20T
 - Zone 6.229: 18T
 - Close at : 1.281
 - Value at MA5: 1.343
 - Value at MA10: 1.357
 - Value at MA20: 1.351
Sent a message to Telegram
#CELR/USDT Day:  2022-06-05 07:00:10 UTC+7
Processing:  CELR/USDT 364 2022-06-04 00:00:00 UTC
#CHZ/USDT Day:  2022-06-05 07:00:10 UTC+7
Processing:  CHZ/USDT 364 2022-06-04 00:00:00 UTC
 #CHZ/USDT Day: 04, Jun 2022
 - Predict MA10 >= MA20 can buy
 - Can Buy at: 0.120 - 0.128
 - Stoploss at : 0.116 -9.43%
 - Zone 0.330: 81T
 - Zone 0.244: 81T
 - Zone 0.294: 77T
 - Zone 0.418: 36T
 - Close at : 0.128
 - Value at MA5: 0.123
 - Value at MA10: 0.118
 - Value at MA20: 0.119
Sent a message to Telegram
#CRV/USDT Day:  2022-06-05 07:00:10 UTC+7
Processing:  CRV/USDT 364 2022-06-04 00:00:00 UTC
 #CRV/USDT Day: 04, Jun 2022
 - Buy at: 1.181
 - Stoploss at : 1.031 -12.55%
 - Zone 2.243: 193T
 - Zone 2.854: 166T
 - Zone 1.453: 83T
 - Zone 4.745: 81T
 - Close at : 1.179
 - Value at MA5: 1.251
 - Value at MA10: 1.250
 - Value at MA20: 1.248
Sent a message to Telegram
#CTXC/USDT Day:  2022-06-05 07:00:10 UTC+7
Processing:  CTXC/USDT 364 2022-06-04 00:00:00 UTC
 #CTXC/USDT Day: 04, Jun 2022
 - Rebuy at: 0.134 - 0.136
 - Near the support/resistance zone
 - MA5 < MA10 warning hold
 - Stoploss at : 0.113 -16.38%
 - Zone 0.218: 81372836008072386620158459671449733955584T
 - Zone 0.297: 63866169982044289635608491614726084624384T
 - Zone 0.146: 53370269546572094856351496458049006075904T
 - Zone 0.421: 47502266701222852035488937555872299614208T
 - Close at : 0.142
 - Value at MA5: 0.141
 - Value at MA10: 0.142
 - Value at MA20: 0.138
Sent a message to Telegram
#DOGE/USDT Day:  2022-06-05 07:00:10 UTC+7
Processing:  DOGE/USDT 364 2022-06-04 00:00:00 UTC
#DOT/USDT Day:  2022-06-05 07:00:10 UTC+7
Processing:  DOT/USDT 364 2022-06-04 00:00:00 UTC
#DYDX/USDT Day:  2022-06-05 07:00:10 UTC+7
Processing:  DYDX/USDT 268 2022-06-04 00:00:00 UTC
#ETC/USDT Day:  2022-06-05 07:00:10 UTC+7
Processing:  ETC/USDT 364 2022-06-04 00:00:00 UTC
 #ETC/USDT Day: 04, Jun 2022
 - Rebuy at: 22.217 - 22.785
 - MA5 < MA10 warning hold
 - Stoploss at : 20.455 -10.05%
 - Zone 48.553: 117T
 - Zone 56.853: 105T
 - Zone 38.409: 91T
 - Zone 24.269: 56T
 - Close at : 21.980
 - Value at MA5: 22.406
 - Value at MA10: 22.769
 - Value at MA20: 22.122
Sent a message to Telegram
#ETH/USDT Day:  2022-06-05 07:00:10 UTC+7
Processing:  ETH/USDT 364 2022-06-04 00:00:00 UTC
#FET/USDT Day:  2022-06-05 07:00:10 UTC+7
Processing:  FET/USDT 364 2022-06-04 00:00:00 UTC
#FIL/USDT Day:  2022-06-05 07:00:10 UTC+7
Processing:  FIL/USDT 364 2022-06-04 00:00:00 UTC
#FLM/USDT Day:  2022-06-05 07:00:10 UTC+7
Processing:  FLM/USDT 364 2022-06-04 00:00:00 UTC
#FTM/USDT Day:  2022-06-05 07:00:10 UTC+7
Processing:  FTM/USDT 364 2022-06-04 00:00:00 UTC
#FTT/USDT Day:  2022-06-05 07:00:10 UTC+7
Processing:  FTT/USDT 364 2022-06-04 00:00:00 UTC
#GHST/USDT Day:  2022-06-05 07:00:10 UTC+7
Processing:  GHST/USDT 288 2022-06-04 00:00:00 UTC
#HIVE/USDT Day:  2022-06-05 07:00:10 UTC+7
Processing:  HIVE/USDT 364 2022-06-04 00:00:00 UTC
 #HIVE/USDT Day: 04, Jun 2022
 - Rebuy at: 0.512 - 0.580
 - Bar is highWave 
 - Stoploss at : 0.508 -12.12%
 - Zone 0.874: 547842T
 - Zone 0.438: 456807T
 - Zone 0.340: 418925T
 - Zone 1.129: 238142T
 - Close at : 0.536
 - Value at MA5: 0.547
 - Value at MA10: 0.511
 - Value at MA20: 0.503
Sent a message to Telegram
#ICP/USDT Day:  2022-06-05 07:00:10 UTC+7
Processing:  ICP/USDT 364 2022-06-04 00:00:00 UTC
#KAVA/USDT Day:  2022-06-05 07:00:10 UTC+7
Processing:  KAVA/USDT 364 2022-06-04 00:00:00 UTC
#LINK/USDT Day:  2022-06-05 07:00:10 UTC+7
Processing:  LINK/USDT 364 2022-06-04 00:00:00 UTC
#LTC/USDT Day:  2022-06-05 07:00:10 UTC+7
Processing:  LTC/USDT 364 2022-06-04 00:00:00 UTC
#MANA/USDT Day:  2022-06-05 07:00:10 UTC+7
Processing:  MANA/USDT 364 2022-06-04 00:00:00 UTC
#MATIC/USDT Day:  2022-06-05 07:00:10 UTC+7
Processing:  MATIC/USDT 364 2022-06-04 00:00:00 UTC
#NEAR/USDT Day:  2022-06-05 07:00:10 UTC+7
Processing:  NEAR/USDT 364 2022-06-04 00:00:00 UTC
#OGN/USDT Day:  2022-06-05 07:00:10 UTC+7
Processing:  OGN/USDT 364 2022-06-04 00:00:00 UTC
 #OGN/USDT Day: 04, Jun 2022
 - Rebuy at: 0.249 - 0.295
 - Near the support/resistance zone
 - Stoploss at : 0.243 -17.48%
 - Zone 0.610: 318T
 - Zone 0.675: 213T
 - Zone 0.341: 189T
 - Zone 0.280: 177T
 - Close at : 0.291
 - Value at MA5: 0.296
 - Value at MA10: 0.251
 - Value at MA20: 0.244
Sent a message to Telegram
#ONE/USDT Day:  2022-06-05 07:00:10 UTC+7
Processing:  ONE/USDT 364 2022-06-04 00:00:00 UTC
#PERL/USDT Day:  2022-06-05 07:00:10 UTC+7
Processing:  PERL/USDT 364 2022-06-04 00:00:00 UTC
 #PERL/USDT Day: 04, Jun 2022
 - Rebuy at: 0.019
 - MA5 < MA10 warning hold
 - Stoploss at : 0.015 -19.84%
 - Zone 0.060: 267T
 - Zone 0.093: 266T
 - Zone 0.117: 209T
 - Zone 0.087: 207T
 - Close at : 0.019
 - Value at MA5: 0.020
 - Value at MA10: 0.020
 - Value at MA20: 0.019
Sent a message to Telegram
#ROSE/USDT Day:  2022-06-05 07:00:10 UTC+7
Processing:  ROSE/USDT 364 2022-06-04 00:00:00 UTC
#SAND/USDT Day:  2022-06-05 07:00:10 UTC+7
Processing:  SAND/USDT 364 2022-06-04 00:00:00 UTC
 #SAND/USDT Day: 04, Jun 2022
 - Stoploss reached at: 1.258
 - Rebuy at: 1.337 - 1.441
 - Stoploss at : 1.258 -12.51%
 - Zone 0.657: 42T
 - Zone 3.110: 16T
 - Close at : 1.296
 - Value at MA5: 1.347
 - Value at MA10: 1.344
 - Value at MA20: 1.329
Sent a message to Telegram
#SFP/USDT Day:  2022-06-05 07:00:10 UTC+7
Processing:  SFP/USDT 364 2022-06-04 00:00:00 UTC
 #SFP/USDT Day: 04, Jun 2022
 - Rebuy at: 0.380
 - MA5 < MA10 warning hold
 - Stoploss at : 0.379 0.00%
 - Zone 0.741: 626907T
 - Zone 1.055: 536607T
 - Zone 2.372: 525192T
 - Zone 1.901: 372855T
 - Close at : 0.404
 - Value at MA5: 0.409
 - Value at MA10: 0.411
 - Value at MA20: 0.401
Sent a message to Telegram
#SOL/USDT Day:  2022-06-05 07:00:10 UTC+7
Processing:  SOL/USDT 364 2022-06-04 00:00:00 UTC
#SRM/USDT Day:  2022-06-05 07:00:10 UTC+7
Processing:  SRM/USDT 364 2022-06-04 00:00:00 UTC
#SUPER/USDT Day:  2022-06-05 07:00:10 UTC+7
Processing:  SUPER/USDT 364 2022-06-04 00:00:00 UTC
#SXP/USDT Day:  2022-06-05 07:00:10 UTC+7
Processing:  SXP/USDT 364 2022-06-04 00:00:00 UTC
#TLM/USDT Day:  2022-06-05 07:00:10 UTC+7
Processing:  TLM/USDT 364 2022-06-04 00:00:00 UTC
#TROY/USDT Day:  2022-06-05 07:00:10 UTC+7
Processing:  TROY/USDT 364 2022-06-04 00:00:00 UTC
 #TROY/USDT Day: 04, Jun 2022
 - Rebuy at: 0.004 - 0.004
 - Stoploss at : 0.003 -21.78%
 - Zone 0.009: 76T
 - Zone 0.013: 50T
 - Zone 0.014: 43T
 - Zone 0.011: 34T
 - Close at : 0.004
 - Value at MA5: 0.004
 - Value at MA10: 0.004
 - Value at MA20: 0.004
Sent a message to Telegram
#TRX/USDT Day:  2022-06-05 07:00:10 UTC+7
Processing:  TRX/USDT 364 2022-06-04 00:00:00 UTC
 #TRX/USDT Day: 04, Jun 2022
 - Rebuy at: 0.078 - 0.082
 - Histogram cross-down below 0
 - Stoploss at : 0.075 -9.10%
 - Zone 0.061: 33T
 - Zone 0.068: 28T
 - Zone 0.087: 26T
 - Zone 0.072: 26T
 - Close at : 0.080
 - Value at MA5: 0.083
 - Value at MA10: 0.082
 - Value at MA20: 0.079
Sent a message to Telegram
#UNI/USDT Day:  2022-06-05 07:00:10 UTC+7
Processing:  UNI/USDT 364 2022-06-04 00:00:00 UTC
#WAVES/USDT Day:  2022-06-05 07:00:10 UTC+7
Processing:  WAVES/USDT 364 2022-06-04 00:00:00 UTC
 #WAVES/USDT Day: 04, Jun 2022
 - Rebuy at: 6.953 - 9.539
 - Bar price drop -9.11%
 - Near the support/resistance zone
 - Stoploss at : 7.843 -17.62%
 - Zone 9.217: 565622743196910T
 - Zone 13.878: 225075899510879T
 - Zone 28.407: 133466015006398T
 - Zone 22.239: 130765208989573T
 - Close at : 8.880
 - Value at MA5: 9.278
 - Value at MA10: 7.215
 - Value at MA20: 6.609
Sent a message to Telegram
#WRX/USDT Day:  2022-06-05 07:00:10 UTC+7
Processing:  WRX/USDT 364 2022-06-04 00:00:00 UTC
#XTZ/USDT Day:  2022-06-05 07:00:10 UTC+7
Processing:  XTZ/USDT 364 2022-06-04 00:00:00 UTC
 #XTZ/USDT Day: 04, Jun 2022
 - Rebuy at: 1.924 - 1.975
 - Stoploss at : 1.744 -11.52%
 - Zone 3.028: 60T
 - Zone 4.415: 56T
 - Zone 5.628: 55T
 - Zone 6.168: 53T
 - Close at : 1.912
 - Value at MA5: 1.968
 - Value at MA10: 1.961
 - Value at MA20: 1.917
Sent a message to Telegram
------ EOD: 2022-06-05 13:54:34.680146 ------
Sent a message to Telegram
------ Day: 2022-06-05 13:59:13.308525 ------
Sent a message to Telegram
#1INCH/USDT Day:  2022-06-05 07:00:10 UTC+7
Processing:  1INCH/USDT 364 2022-06-04 00:00:00 UTC
#ADA/USDT Day:  2022-06-05 07:00:10 UTC+7
Processing:  ADA/USDT 364 2022-06-04 00:00:00 UTC
 #ADA/USDT Day: 04, Jun 2022
 - Buy at: 0.550 - 0.568
 - Stoploss at : 0.505 -10.80%
 - Zone 1.172: 22T
 - Zone 1.392: 21T
 - Zone 0.532: 13T
 - Zone 2.127: 13T
 - Close at : 0.567
 - Value at MA5: 0.578
 - Value at MA10: 0.534
 - Value at MA20: 0.533
Sent a message to Telegram
#ALGO/USDT Day:  2022-06-05 07:00:10 UTC+7
Processing:  ALGO/USDT 364 2022-06-04 00:00:00 UTC
#ATA/USDT Day:  2022-06-05 07:00:10 UTC+7
Processing:  ATA/USDT 362 2022-06-04 00:00:00 UTC
 #ATA/USDT Day: 04, Jun 2022
 - Predict MA10 >= MA20 can buy
 - Can Buy at: 0.153
 - Bar is highWave 
 - Stoploss at : 0.130 -14.81%
 - Zone 0.466: 16T
 - Zone 0.972: 14T
 - Zone 1.557: 11T
 - Zone 0.161: 10T
 - Close at : 0.153
 - Value at MA5: 0.161
 - Value at MA10: 0.158
 - Value at MA20: 0.158
Sent a message to Telegram
#ATOM/USDT Day:  2022-06-05 07:00:10 UTC+7
Processing:  ATOM/USDT 364 2022-06-04 00:00:00 UTC
#AVAX/USDT Day:  2022-06-05 07:00:10 UTC+7
Processing:  AVAX/USDT 364 2022-06-04 00:00:00 UTC
#AXS/USDT Day:  2022-06-05 07:00:10 UTC+7
Processing:  AXS/USDT 364 2022-06-04 00:00:00 UTC
#BCH/USDT Day:  2022-06-05 07:00:10 UTC+7
Processing:  BCH/USDT 364 2022-06-04 00:00:00 UTC
#BEAM/USDT Day:  2022-06-05 07:00:10 UTC+7
Processing:  BEAM/USDT 364 2022-06-04 00:00:00 UTC
#BEL/USDT Day:  2022-06-05 07:00:10 UTC+7
Processing:  BEL/USDT 364 2022-06-04 00:00:00 UTC
 #BEL/USDT Day: 04, Jun 2022
 - Bar price drop -19.94%
 - Bar is marubozu 
 - Near the support/resistance zone
 - Profit now: 62.86%
 - Zone 0.980: 35T
 - Zone 0.858: 19T
 - Zone 1.681: 11T
 - Zone 0.336: 7T
 - Close at : 0.855
 - Value at MA5: 0.848
 - Value at MA10: 0.740
 - Value at MA20: 0.544
Sent a message to Telegram
#BETA/USDT Day:  2022-06-05 07:00:10 UTC+7
Processing:  BETA/USDT 239 2022-06-04 00:00:00 UTC
 #BETA/USDT Day: 04, Jun 2022
 - Rebuy at: 0.128 - 0.140
 - Near the support/resistance zone
 - MA5 < MA10 warning hold
 - Stoploss at : 0.105 -25.10%
 - Zone 0.135: 2822571T
 - Zone 0.473: 2743342T
 - Zone 3.227: 565074T
 - Close at : 0.133
 - Value at MA5: 0.126
 - Value at MA10: 0.129
 - Value at MA20: 0.126
Sent a message to Telegram
#BNB/USDT Day:  2022-06-05 07:00:10 UTC+7
Processing:  BNB/USDT 364 2022-06-04 00:00:00 UTC
 #BNB/USDT Day: 04, Jun 2022
 - Sell at: 300.697 - 306.536
 - Near the support/resistance zone
 - MA5 < MA10 warning hold
 - Profit now: -0.56%
 - Zone 301.776: 9T
 - Zone 415.443: 7T
 - Zone 355.393: 6T
 - Zone 473.349: 5T
 - Close at : 301.300
 - Value at MA5: 305.900
 - Value at MA10: 306.920
 - Value at MA20: 308.630
Sent a message to Telegram
#BTC/USDT Day:  2022-06-05 07:00:10 UTC+7
Processing:  BTC/USDT 364 2022-06-04 00:00:00 UTC
 #BTC/USDT Day: 04, Jun 2022
 - Rebuy at: 30224.137 - 30513.525
 - Near the support/resistance zone
 - Stoploss at : 28787.385 -5.47%
 - Zone 39605.940: 19T
 - Zone 29375.751: 18T
 - Zone 46852.324: 18T
 - Zone 33744.894: 14T
 - Close at : 29864.040
 - Value at MA5: 30324.748
 - Value at MA10: 29968.854
 - Value at MA20: 29814.396
Sent a message to Telegram
#BTCST/USDT Day:  2022-06-05 07:00:10 UTC+7
Processing:  BTCST/USDT 364 2022-06-04 00:00:00 UTC
#C98/USDT Day:  2022-06-05 07:00:10 UTC+7
Processing:  C98/USDT 316 2022-06-04 00:00:00 UTC
 #C98/USDT Day: 04, Jun 2022
 - Rebuy at: 0.560
 - Stoploss at : 0.559 0.00%
 - Zone 1.243: 23T
 - Zone 2.008: 23T
 - Zone 5.147: 16T
 - Zone 0.722: 13T
 - Close at : 0.626
 - Value at MA5: 0.640
 - Value at MA10: 0.620
 - Value at MA20: 0.593
Sent a message to Telegram
#CELO/USDT Day:  2022-06-05 07:00:10 UTC+7
Processing:  CELO/USDT 364 2022-06-04 00:00:00 UTC
 #CELO/USDT Day: 04, Jun 2022
 - Rebuy at: 1.284
 - Bar is highWave 
 - MA5 < MA10 warning hold
 - Predict MA10 < MA20 should sell
 - Stoploss at : 1.115 -12.97%
 - Zone 3.064: 31T
 - Zone 1.394: 24T
 - Zone 5.012: 20T
 - Zone 6.229: 18T
 - Close at : 1.281
 - Value at MA5: 1.343
 - Value at MA10: 1.357
 - Value at MA20: 1.351
Sent a message to Telegram
#CELR/USDT Day:  2022-06-05 07:00:10 UTC+7
Processing:  CELR/USDT 364 2022-06-04 00:00:00 UTC
#CHZ/USDT Day:  2022-06-05 07:00:10 UTC+7
Processing:  CHZ/USDT 364 2022-06-04 00:00:00 UTC
 #CHZ/USDT Day: 04, Jun 2022
 - Predict MA10 >= MA20 can buy
 - Can Buy at: 0.120 - 0.128
 - Stoploss at : 0.116 -9.43%
 - Zone 0.330: 81T
 - Zone 0.244: 81T
 - Zone 0.294: 77T
 - Zone 0.418: 36T
 - Close at : 0.128
 - Value at MA5: 0.123
 - Value at MA10: 0.118
 - Value at MA20: 0.119
Sent a message to Telegram
#CRV/USDT Day:  2022-06-05 07:00:10 UTC+7
Processing:  CRV/USDT 364 2022-06-04 00:00:00 UTC
 #CRV/USDT Day: 04, Jun 2022
 - Buy at: 1.181
 - Stoploss at : 1.031 -12.55%
 - Zone 2.243: 193T
 - Zone 2.854: 166T
 - Zone 1.453: 83T
 - Zone 4.745: 81T
 - Close at : 1.179
 - Value at MA5: 1.251
 - Value at MA10: 1.250
 - Value at MA20: 1.248
Sent a message to Telegram
#CTXC/USDT Day:  2022-06-05 07:00:10 UTC+7
Processing:  CTXC/USDT 364 2022-06-04 00:00:00 UTC
 #CTXC/USDT Day: 04, Jun 2022
 - Rebuy at: 0.134 - 0.136
 - Near the support/resistance zone
 - MA5 < MA10 warning hold
 - Stoploss at : 0.113 -16.38%
 - Zone 0.218: 81368713303281138405850560994909286825984T
 - Zone 0.297: 63862929531964814197628798218541304119296T
 - Zone 0.146: 53369008289006906070638867023667128172544T
 - Zone 0.421: 47499854396865996620059488297133790986240T
 - Close at : 0.142
 - Value at MA5: 0.141
 - Value at MA10: 0.142
 - Value at MA20: 0.138
Sent a message to Telegram
#DOGE/USDT Day:  2022-06-05 07:00:10 UTC+7
Processing:  DOGE/USDT 364 2022-06-04 00:00:00 UTC
#DOT/USDT Day:  2022-06-05 07:00:10 UTC+7
Processing:  DOT/USDT 364 2022-06-04 00:00:00 UTC
#DYDX/USDT Day:  2022-06-05 07:00:10 UTC+7
Processing:  DYDX/USDT 268 2022-06-04 00:00:00 UTC
#ETC/USDT Day:  2022-06-05 07:00:10 UTC+7
Processing:  ETC/USDT 364 2022-06-04 00:00:00 UTC
 #ETC/USDT Day: 04, Jun 2022
 - Rebuy at: 22.217 - 22.785
 - MA5 < MA10 warning hold
 - Stoploss at : 20.455 -10.05%
 - Zone 48.553: 117T
 - Zone 56.853: 105T
 - Zone 38.409: 91T
 - Zone 24.269: 56T
 - Close at : 21.980
 - Value at MA5: 22.406
 - Value at MA10: 22.769
 - Value at MA20: 22.122
Sent a message to Telegram
#ETH/USDT Day:  2022-06-05 07:00:10 UTC+7
Processing:  ETH/USDT 364 2022-06-04 00:00:00 UTC
#FET/USDT Day:  2022-06-05 07:00:10 UTC+7
Processing:  FET/USDT 364 2022-06-04 00:00:00 UTC
#FIL/USDT Day:  2022-06-05 07:00:10 UTC+7
Processing:  FIL/USDT 364 2022-06-04 00:00:00 UTC
#FLM/USDT Day:  2022-06-05 07:00:10 UTC+7
Processing:  FLM/USDT 364 2022-06-04 00:00:00 UTC
#FTM/USDT Day:  2022-06-05 07:00:10 UTC+7
Processing:  FTM/USDT 364 2022-06-04 00:00:00 UTC
#FTT/USDT Day:  2022-06-05 07:00:10 UTC+7
Processing:  FTT/USDT 364 2022-06-04 00:00:00 UTC
#GHST/USDT Day:  2022-06-05 07:00:10 UTC+7
Processing:  GHST/USDT 288 2022-06-04 00:00:00 UTC
#HIVE/USDT Day:  2022-06-05 07:00:10 UTC+7
Processing:  HIVE/USDT 364 2022-06-04 00:00:00 UTC
 #HIVE/USDT Day: 04, Jun 2022
 - Rebuy at: 0.512 - 0.580
 - Bar is highWave 
 - Stoploss at : 0.508 -12.12%
 - Zone 0.874: 547858T
 - Zone 0.438: 456820T
 - Zone 0.340: 418937T
 - Zone 1.129: 238149T
 - Close at : 0.536
 - Value at MA5: 0.547
 - Value at MA10: 0.511
 - Value at MA20: 0.503
Sent a message to Telegram
#ICP/USDT Day:  2022-06-05 07:00:10 UTC+7
Processing:  ICP/USDT 364 2022-06-04 00:00:00 UTC
#KAVA/USDT Day:  2022-06-05 07:00:10 UTC+7
Processing:  KAVA/USDT 364 2022-06-04 00:00:00 UTC
#LINK/USDT Day:  2022-06-05 07:00:10 UTC+7
Processing:  LINK/USDT 364 2022-06-04 00:00:00 UTC
#LTC/USDT Day:  2022-06-05 07:00:10 UTC+7
Processing:  LTC/USDT 364 2022-06-04 00:00:00 UTC
#MANA/USDT Day:  2022-06-05 07:00:10 UTC+7
Processing:  MANA/USDT 364 2022-06-04 00:00:00 UTC
#MATIC/USDT Day:  2022-06-05 07:00:10 UTC+7
Processing:  MATIC/USDT 364 2022-06-04 00:00:00 UTC
#NEAR/USDT Day:  2022-06-05 07:00:10 UTC+7
Processing:  NEAR/USDT 364 2022-06-04 00:00:00 UTC
#OGN/USDT Day:  2022-06-05 07:00:10 UTC+7
Processing:  OGN/USDT 364 2022-06-04 00:00:00 UTC
 #OGN/USDT Day: 04, Jun 2022
 - Rebuy at: 0.249 - 0.295
 - Near the support/resistance zone
 - Stoploss at : 0.243 -17.48%
 - Zone 0.610: 318T
 - Zone 0.675: 213T
 - Zone 0.341: 189T
 - Zone 0.280: 177T
 - Close at : 0.291
 - Value at MA5: 0.296
 - Value at MA10: 0.251
 - Value at MA20: 0.244
Sent a message to Telegram
#ONE/USDT Day:  2022-06-05 07:00:10 UTC+7
Processing:  ONE/USDT 364 2022-06-04 00:00:00 UTC
#PERL/USDT Day:  2022-06-05 07:00:10 UTC+7
Processing:  PERL/USDT 364 2022-06-04 00:00:00 UTC
 #PERL/USDT Day: 04, Jun 2022
 - Rebuy at: 0.019
 - MA5 < MA10 warning hold
 - Stoploss at : 0.015 -19.84%
 - Zone 0.060: 267T
 - Zone 0.093: 266T
 - Zone 0.117: 209T
 - Zone 0.087: 207T
 - Close at : 0.019
 - Value at MA5: 0.020
 - Value at MA10: 0.020
 - Value at MA20: 0.019
Sent a message to Telegram
#ROSE/USDT Day:  2022-06-05 07:00:10 UTC+7
Processing:  ROSE/USDT 364 2022-06-04 00:00:00 UTC
#SAND/USDT Day:  2022-06-05 07:00:10 UTC+7
Processing:  SAND/USDT 364 2022-06-04 00:00:00 UTC
 #SAND/USDT Day: 04, Jun 2022
 - Stoploss reached at: 1.258
 - Rebuy at: 1.337 - 1.441
 - Stoploss at : 1.258 -12.51%
 - Zone 0.657: 42T
 - Zone 3.110: 16T
 - Close at : 1.296
 - Value at MA5: 1.347
 - Value at MA10: 1.344
 - Value at MA20: 1.329
Sent a message to Telegram
#SFP/USDT Day:  2022-06-05 07:00:10 UTC+7
Processing:  SFP/USDT 364 2022-06-04 00:00:00 UTC
 #SFP/USDT Day: 04, Jun 2022
 - Rebuy at: 0.380
 - MA5 < MA10 warning hold
 - Stoploss at : 0.379 0.00%
 - Zone 0.741: 626901T
 - Zone 1.055: 536602T
 - Zone 2.372: 525187T
 - Zone 1.901: 372852T
 - Close at : 0.404
 - Value at MA5: 0.409
 - Value at MA10: 0.411
 - Value at MA20: 0.401
Sent a message to Telegram
#SOL/USDT Day:  2022-06-05 07:00:10 UTC+7
Processing:  SOL/USDT 364 2022-06-04 00:00:00 UTC
#SRM/USDT Day:  2022-06-05 07:00:10 UTC+7
Processing:  SRM/USDT 364 2022-06-04 00:00:00 UTC
#SUPER/USDT Day:  2022-06-05 07:00:10 UTC+7
Processing:  SUPER/USDT 364 2022-06-04 00:00:00 UTC
#SXP/USDT Day:  2022-06-05 07:00:10 UTC+7
Processing:  SXP/USDT 364 2022-06-04 00:00:00 UTC
#TLM/USDT Day:  2022-06-05 07:00:10 UTC+7
Processing:  TLM/USDT 364 2022-06-04 00:00:00 UTC
#TROY/USDT Day:  2022-06-05 07:00:10 UTC+7
Processing:  TROY/USDT 364 2022-06-04 00:00:00 UTC
 #TROY/USDT Day: 04, Jun 2022
 - Rebuy at: 0.004 - 0.004
 - Stoploss at : 0.003 -21.78%
 - Zone 0.009: 76T
 - Zone 0.013: 50T
 - Zone 0.014: 43T
 - Zone 0.011: 34T
 - Close at : 0.004
 - Value at MA5: 0.004
 - Value at MA10: 0.004
 - Value at MA20: 0.004
Sent a message to Telegram
#TRX/USDT Day:  2022-06-05 07:00:10 UTC+7
Processing:  TRX/USDT 364 2022-06-04 00:00:00 UTC
 #TRX/USDT Day: 04, Jun 2022
 - Rebuy at: 0.078 - 0.082
 - Histogram cross-down below 0
 - Stoploss at : 0.075 -9.10%
 - Zone 0.061: 33T
 - Zone 0.068: 28T
 - Zone 0.087: 26T
 - Zone 0.072: 26T
 - Close at : 0.080
 - Value at MA5: 0.083
 - Value at MA10: 0.082
 - Value at MA20: 0.079
Sent a message to Telegram
#UNI/USDT Day:  2022-06-05 07:00:10 UTC+7
Processing:  UNI/USDT 364 2022-06-04 00:00:00 UTC
#WAVES/USDT Day:  2022-06-05 07:00:10 UTC+7
Processing:  WAVES/USDT 364 2022-06-04 00:00:00 UTC
 #WAVES/USDT Day: 04, Jun 2022
 - Rebuy at: 6.953 - 9.539
 - Bar price drop -9.11%
 - Near the support/resistance zone
 - Stoploss at : 7.843 -17.62%
 - Zone 9.217: 564166361516770T
 - Zone 13.878: 224873614044040T
 - Zone 28.407: 133345836043555T
 - Zone 22.239: 130647699654325T
 - Close at : 8.880
 - Value at MA5: 9.278
 - Value at MA10: 7.215
 - Value at MA20: 6.609
Sent a message to Telegram
#WRX/USDT Day:  2022-06-05 07:00:10 UTC+7
Processing:  WRX/USDT 364 2022-06-04 00:00:00 UTC
#XTZ/USDT Day:  2022-06-05 07:00:10 UTC+7
Processing:  XTZ/USDT 364 2022-06-04 00:00:00 UTC
 #XTZ/USDT Day: 04, Jun 2022
 - Rebuy at: 1.924 - 1.975
 - Stoploss at : 1.744 -11.52%
 - Zone 3.028: 60T
 - Zone 4.415: 56T
 - Zone 5.628: 55T
 - Zone 6.168: 53T
 - Close at : 1.912
 - Value at MA5: 1.968
 - Value at MA10: 1.961
 - Value at MA20: 1.917
Sent a message to Telegram
------ EOD: 2022-06-05 13:59:13.308525 ------
Sent a message to Telegram
------ Day: 2022-06-05 14:03:48.978212 ------
Sent a message to Telegram
#1INCH/USDT Day:  2022-06-05 07:00:10 UTC+7
Processing:  1INCH/USDT 364 2022-06-04 00:00:00 UTC
#ADA/USDT Day:  2022-06-05 07:00:10 UTC+7
Processing:  ADA/USDT 364 2022-06-04 00:00:00 UTC
 #ADA/USDT Day: 04, Jun 2022
 - Buy at: 0.550 - 0.568
 - Stoploss at : 0.505 -10.80%
 - Zone 1.172: 22T
 - Zone 1.392: 21T
 - Zone 0.532: 13T
 - Zone 2.127: 13T
 - Close at : 0.567
 - Value at MA5: 0.578
 - Value at MA10: 0.534
 - Value at MA20: 0.533
Sent a message to Telegram
#ALGO/USDT Day:  2022-06-05 07:00:10 UTC+7
Processing:  ALGO/USDT 364 2022-06-04 00:00:00 UTC
#ATA/USDT Day:  2022-06-05 07:00:10 UTC+7
Processing:  ATA/USDT 362 2022-06-04 00:00:00 UTC
 #ATA/USDT Day: 04, Jun 2022
 - Predict MA10 >= MA20 can buy
 - Can Buy at: 0.153
 - Bar is highWave 
 - Stoploss at : 0.130 -14.81%
 - Zone 0.466: 16T
 - Zone 0.972: 14T
 - Zone 1.557: 11T
 - Zone 0.161: 10T
 - Close at : 0.153
 - Value at MA5: 0.161
 - Value at MA10: 0.158
 - Value at MA20: 0.158
Sent a message to Telegram
#ATOM/USDT Day:  2022-06-05 07:00:10 UTC+7
Processing:  ATOM/USDT 364 2022-06-04 00:00:00 UTC
#AVAX/USDT Day:  2022-06-05 07:00:10 UTC+7
Processing:  AVAX/USDT 364 2022-06-04 00:00:00 UTC
#AXS/USDT Day:  2022-06-05 07:00:10 UTC+7
Processing:  AXS/USDT 364 2022-06-04 00:00:00 UTC
#BCH/USDT Day:  2022-06-05 07:00:10 UTC+7
Processing:  BCH/USDT 364 2022-06-04 00:00:00 UTC
#BEAM/USDT Day:  2022-06-05 07:00:10 UTC+7
Processing:  BEAM/USDT 364 2022-06-04 00:00:00 UTC
#BEL/USDT Day:  2022-06-05 07:00:10 UTC+7
Processing:  BEL/USDT 364 2022-06-04 00:00:00 UTC
 #BEL/USDT Day: 04, Jun 2022
 - Bar price drop -19.94%
 - Bar is marubozu 
 - Near the support/resistance zone
 - Profit now: 62.86%
 - Zone 0.980: 35T
 - Zone 0.858: 19T
 - Zone 1.681: 11T
 - Zone 0.336: 7T
 - Close at : 0.855
 - Value at MA5: 0.848
 - Value at MA10: 0.740
 - Value at MA20: 0.544
Sent a message to Telegram
#BETA/USDT Day:  2022-06-05 07:00:10 UTC+7
Processing:  BETA/USDT 239 2022-06-04 00:00:00 UTC
 #BETA/USDT Day: 04, Jun 2022
 - Rebuy at: 0.128 - 0.140
 - Near the support/resistance zone
 - MA5 < MA10 warning hold
 - Stoploss at : 0.105 -25.10%
 - Zone 0.135: 2826199T
 - Zone 0.473: 2745274T
 - Zone 3.227: 565484T
 - Close at : 0.133
 - Value at MA5: 0.126
 - Value at MA10: 0.129
 - Value at MA20: 0.126
Sent a message to Telegram
#BNB/USDT Day:  2022-06-05 07:00:10 UTC+7
Processing:  BNB/USDT 364 2022-06-04 00:00:00 UTC
 #BNB/USDT Day: 04, Jun 2022
 - Sell at: 300.697 - 306.536
 - Near the support/resistance zone
 - MA5 < MA10 warning hold
 - Profit now: -0.56%
 - Zone 301.776: 9T
 - Zone 415.443: 7T
 - Zone 355.393: 6T
 - Zone 473.349: 5T
 - Close at : 301.300
 - Value at MA5: 305.900
 - Value at MA10: 306.920
 - Value at MA20: 308.630
Sent a message to Telegram
#BTC/USDT Day:  2022-06-05 07:00:10 UTC+7
Processing:  BTC/USDT 364 2022-06-04 00:00:00 UTC
 #BTC/USDT Day: 04, Jun 2022
 - Rebuy at: 30224.137 - 30513.525
 - Near the support/resistance zone
 - Stoploss at : 28787.385 -5.47%
 - Zone 39605.940: 19T
 - Zone 29375.751: 18T
 - Zone 46852.324: 18T
 - Zone 33744.894: 14T
 - Close at : 29864.040
 - Value at MA5: 30324.748
 - Value at MA10: 29968.854
 - Value at MA20: 29814.396
Sent a message to Telegram
#BTCST/USDT Day:  2022-06-05 07:00:10 UTC+7
Processing:  BTCST/USDT 364 2022-06-04 00:00:00 UTC
#C98/USDT Day:  2022-06-05 07:00:10 UTC+7
Processing:  C98/USDT 316 2022-06-04 00:00:00 UTC
 #C98/USDT Day: 04, Jun 2022
 - Rebuy at: 0.560
 - Stoploss at : 0.559 0.00%
 - Zone 1.243: 23T
 - Zone 2.008: 23T
 - Zone 5.147: 16T
 - Zone 0.722: 13T
 - Close at : 0.626
 - Value at MA5: 0.640
 - Value at MA10: 0.620
 - Value at MA20: 0.593
Sent a message to Telegram
#CELO/USDT Day:  2022-06-05 07:00:10 UTC+7
Processing:  CELO/USDT 364 2022-06-04 00:00:00 UTC
 #CELO/USDT Day: 04, Jun 2022
 - Rebuy at: 1.284
 - Bar is highWave 
 - MA5 < MA10 warning hold
 - Predict MA10 < MA20 should sell
 - Stoploss at : 1.115 -12.97%
 - Zone 3.064: 31T
 - Zone 1.394: 24T
 - Zone 5.012: 20T
 - Zone 6.229: 18T
 - Close at : 1.281
 - Value at MA5: 1.343
 - Value at MA10: 1.357
 - Value at MA20: 1.351
Sent a message to Telegram
#CELR/USDT Day:  2022-06-05 07:00:10 UTC+7
Processing:  CELR/USDT 364 2022-06-04 00:00:00 UTC
#CHZ/USDT Day:  2022-06-05 07:00:10 UTC+7
Processing:  CHZ/USDT 364 2022-06-04 00:00:00 UTC
 #CHZ/USDT Day: 04, Jun 2022
 - Predict MA10 >= MA20 can buy
 - Can Buy at: 0.120 - 0.128
 - Stoploss at : 0.116 -9.43%
 - Zone 0.330: 81T
 - Zone 0.244: 81T
 - Zone 0.294: 77T
 - Zone 0.418: 36T
 - Close at : 0.128
 - Value at MA5: 0.123
 - Value at MA10: 0.118
 - Value at MA20: 0.119
Sent a message to Telegram
#CRV/USDT Day:  2022-06-05 07:00:10 UTC+7
Processing:  CRV/USDT 364 2022-06-04 00:00:00 UTC
 #CRV/USDT Day: 04, Jun 2022
 - Buy at: 1.181
 - Stoploss at : 1.031 -12.55%
 - Zone 2.243: 193T
 - Zone 2.854: 166T
 - Zone 1.453: 83T
 - Zone 4.745: 81T
 - Close at : 1.179
 - Value at MA5: 1.251
 - Value at MA10: 1.250
 - Value at MA20: 1.248
Sent a message to Telegram
#CTXC/USDT Day:  2022-06-05 07:00:10 UTC+7
Processing:  CTXC/USDT 364 2022-06-04 00:00:00 UTC
 #CTXC/USDT Day: 04, Jun 2022
 - Rebuy at: 0.134 - 0.136
 - Near the support/resistance zone
 - MA5 < MA10 warning hold
 - Stoploss at : 0.113 -16.38%
 - Zone 0.218: 81365180627995254973175796857373674438656T
 - Zone 0.297: 63860152845854680349693947272305152360448T
 - Zone 0.146: 53367403344879312783332927891186456199168T
 - Zone 0.421: 47497787334711284442856325270661412945920T
 - Close at : 0.142
 - Value at MA5: 0.141
 - Value at MA10: 0.142
 - Value at MA20: 0.138
Sent a message to Telegram
#DOGE/USDT Day:  2022-06-05 07:00:10 UTC+7
Processing:  DOGE/USDT 364 2022-06-04 00:00:00 UTC
#DOT/USDT Day:  2022-06-05 07:00:10 UTC+7
Processing:  DOT/USDT 364 2022-06-04 00:00:00 UTC
#DYDX/USDT Day:  2022-06-05 07:00:10 UTC+7
Processing:  DYDX/USDT 268 2022-06-04 00:00:00 UTC
#ETC/USDT Day:  2022-06-05 07:00:10 UTC+7
Processing:  ETC/USDT 364 2022-06-04 00:00:00 UTC
 #ETC/USDT Day: 04, Jun 2022
 - Rebuy at: 22.217 - 22.785
 - MA5 < MA10 warning hold
 - Stoploss at : 20.455 -10.05%
 - Zone 48.553: 117T
 - Zone 56.853: 105T
 - Zone 38.409: 91T
 - Zone 24.269: 56T
 - Close at : 21.980
 - Value at MA5: 22.406
 - Value at MA10: 22.769
 - Value at MA20: 22.122
Sent a message to Telegram
#ETH/USDT Day:  2022-06-05 07:00:10 UTC+7
Processing:  ETH/USDT 364 2022-06-04 00:00:00 UTC
#FET/USDT Day:  2022-06-05 07:00:10 UTC+7
Processing:  FET/USDT 364 2022-06-04 00:00:00 UTC
#FIL/USDT Day:  2022-06-05 07:00:10 UTC+7
Processing:  FIL/USDT 364 2022-06-04 00:00:00 UTC
#FLM/USDT Day:  2022-06-05 07:00:10 UTC+7
Processing:  FLM/USDT 364 2022-06-04 00:00:00 UTC
#FTM/USDT Day:  2022-06-05 07:00:10 UTC+7
Processing:  FTM/USDT 364 2022-06-04 00:00:00 UTC
#FTT/USDT Day:  2022-06-05 07:00:10 UTC+7
Processing:  FTT/USDT 364 2022-06-04 00:00:00 UTC
#GHST/USDT Day:  2022-06-05 07:00:10 UTC+7
Processing:  GHST/USDT 288 2022-06-04 00:00:00 UTC
#HIVE/USDT Day:  2022-06-05 07:00:10 UTC+7
Processing:  HIVE/USDT 364 2022-06-04 00:00:00 UTC
 #HIVE/USDT Day: 04, Jun 2022
 - Rebuy at: 0.512 - 0.580
 - Bar is highWave 
 - Stoploss at : 0.508 -12.12%
 - Zone 0.874: 547854T
 - Zone 0.438: 456819T
 - Zone 0.340: 418933T
 - Zone 1.129: 238147T
 - Close at : 0.536
 - Value at MA5: 0.547
 - Value at MA10: 0.511
 - Value at MA20: 0.503
Sent a message to Telegram
#ICP/USDT Day:  2022-06-05 07:00:10 UTC+7
Processing:  ICP/USDT 364 2022-06-04 00:00:00 UTC
#KAVA/USDT Day:  2022-06-05 07:00:10 UTC+7
Processing:  KAVA/USDT 364 2022-06-04 00:00:00 UTC
#LINK/USDT Day:  2022-06-05 07:00:10 UTC+7
Processing:  LINK/USDT 364 2022-06-04 00:00:00 UTC
#LTC/USDT Day:  2022-06-05 07:00:10 UTC+7
Processing:  LTC/USDT 364 2022-06-04 00:00:00 UTC
#MANA/USDT Day:  2022-06-05 07:00:10 UTC+7
Processing:  MANA/USDT 364 2022-06-04 00:00:00 UTC
#MATIC/USDT Day:  2022-06-05 07:00:10 UTC+7
Processing:  MATIC/USDT 364 2022-06-04 00:00:00 UTC
#NEAR/USDT Day:  2022-06-05 07:00:10 UTC+7
Processing:  NEAR/USDT 364 2022-06-04 00:00:00 UTC
#OGN/USDT Day:  2022-06-05 07:00:10 UTC+7
Processing:  OGN/USDT 364 2022-06-04 00:00:00 UTC
 #OGN/USDT Day: 04, Jun 2022
 - Rebuy at: 0.249 - 0.295
 - Near the support/resistance zone
 - Stoploss at : 0.243 -17.48%
 - Zone 0.610: 318T
 - Zone 0.675: 213T
 - Zone 0.341: 189T
 - Zone 0.280: 178T
 - Close at : 0.291
 - Value at MA5: 0.296
 - Value at MA10: 0.251
 - Value at MA20: 0.244
Sent a message to Telegram
#ONE/USDT Day:  2022-06-05 07:00:10 UTC+7
Processing:  ONE/USDT 364 2022-06-04 00:00:00 UTC
#PERL/USDT Day:  2022-06-05 07:00:10 UTC+7
Processing:  PERL/USDT 364 2022-06-04 00:00:00 UTC
 #PERL/USDT Day: 04, Jun 2022
 - Rebuy at: 0.019
 - MA5 < MA10 warning hold
 - Stoploss at : 0.015 -19.84%
 - Zone 0.060: 267T
 - Zone 0.093: 266T
 - Zone 0.117: 209T
 - Zone 0.087: 207T
 - Close at : 0.019
 - Value at MA5: 0.020
 - Value at MA10: 0.020
 - Value at MA20: 0.019
Sent a message to Telegram
#ROSE/USDT Day:  2022-06-05 07:00:10 UTC+7
Processing:  ROSE/USDT 364 2022-06-04 00:00:00 UTC
#SAND/USDT Day:  2022-06-05 07:00:10 UTC+7
Processing:  SAND/USDT 364 2022-06-04 00:00:00 UTC
 #SAND/USDT Day: 04, Jun 2022
 - Stoploss reached at: 1.258
 - Rebuy at: 1.337 - 1.441
 - Stoploss at : 1.258 -12.51%
 - Zone 0.657: 42T
 - Zone 3.110: 16T
 - Close at : 1.296
 - Value at MA5: 1.347
 - Value at MA10: 1.344
 - Value at MA20: 1.329
Sent a message to Telegram
#SFP/USDT Day:  2022-06-05 07:00:10 UTC+7
Processing:  SFP/USDT 364 2022-06-04 00:00:00 UTC
 #SFP/USDT Day: 04, Jun 2022
 - Rebuy at: 0.380
 - MA5 < MA10 warning hold
 - Stoploss at : 0.379 0.00%
 - Zone 0.741: 626884T
 - Zone 1.055: 536587T
 - Zone 2.372: 525173T
 - Zone 1.901: 372841T
 - Close at : 0.404
 - Value at MA5: 0.409
 - Value at MA10: 0.411
 - Value at MA20: 0.401
Sent a message to Telegram
#SOL/USDT Day:  2022-06-05 07:00:10 UTC+7
Processing:  SOL/USDT 364 2022-06-04 00:00:00 UTC
#SRM/USDT Day:  2022-06-05 07:00:10 UTC+7
Processing:  SRM/USDT 364 2022-06-04 00:00:00 UTC
#SUPER/USDT Day:  2022-06-05 07:00:10 UTC+7
Processing:  SUPER/USDT 364 2022-06-04 00:00:00 UTC
#SXP/USDT Day:  2022-06-05 07:00:10 UTC+7
Processing:  SXP/USDT 364 2022-06-04 00:00:00 UTC
#TLM/USDT Day:  2022-06-05 07:00:10 UTC+7
Processing:  TLM/USDT 364 2022-06-04 00:00:00 UTC
#TROY/USDT Day:  2022-06-05 07:00:10 UTC+7
Processing:  TROY/USDT 364 2022-06-04 00:00:00 UTC
 #TROY/USDT Day: 04, Jun 2022
 - Rebuy at: 0.004 - 0.004
 - Stoploss at : 0.003 -21.78%
 - Zone 0.009: 76T
 - Zone 0.013: 50T
 - Zone 0.014: 43T
 - Zone 0.011: 34T
 - Close at : 0.004
 - Value at MA5: 0.004
 - Value at MA10: 0.004
 - Value at MA20: 0.004
Sent a message to Telegram
#TRX/USDT Day:  2022-06-05 07:00:10 UTC+7
Processing:  TRX/USDT 364 2022-06-04 00:00:00 UTC
 #TRX/USDT Day: 04, Jun 2022
 - Rebuy at: 0.078 - 0.082
 - Histogram cross-down below 0
 - Stoploss at : 0.075 -9.10%
 - Zone 0.061: 33T
 - Zone 0.068: 28T
 - Zone 0.087: 26T
 - Zone 0.072: 26T
 - Close at : 0.080
 - Value at MA5: 0.083
 - Value at MA10: 0.082
 - Value at MA20: 0.079
Sent a message to Telegram
#UNI/USDT Day:  2022-06-05 07:00:10 UTC+7
Processing:  UNI/USDT 364 2022-06-04 00:00:00 UTC
#WAVES/USDT Day:  2022-06-05 07:00:10 UTC+7
Processing:  WAVES/USDT 364 2022-06-04 00:00:00 UTC
 #WAVES/USDT Day: 04, Jun 2022
 - Rebuy at: 6.953 - 9.539
 - Bar price drop -9.11%
 - Near the support/resistance zone
 - Stoploss at : 7.843 -17.62%
 - Zone 9.217: 568305446102810T
 - Zone 13.878: 225680561591002T
 - Zone 28.407: 133825249457931T
 - Zone 22.239: 131116462199212T
 - Close at : 8.880
 - Value at MA5: 9.278
 - Value at MA10: 7.215
 - Value at MA20: 6.609
Telegram Exception: Timed out

Retry after 10 seconds
Sent a message to Telegram
#WRX/USDT Day:  2022-06-05 07:00:10 UTC+7
Processing:  WRX/USDT 364 2022-06-04 00:00:00 UTC
#XTZ/USDT Day:  2022-06-05 07:00:10 UTC+7
Processing:  XTZ/USDT 364 2022-06-04 00:00:00 UTC
 #XTZ/USDT Day: 04, Jun 2022
 - Rebuy at: 1.924 - 1.975
 - Stoploss at : 1.744 -11.52%
 - Zone 3.028: 60T
 - Zone 4.415: 56T
 - Zone 5.628: 55T
 - Zone 6.168: 53T
 - Close at : 1.912
 - Value at MA5: 1.968
 - Value at MA10: 1.961
 - Value at MA20: 1.917
Sent a message to Telegram
------ EOD: 2022-06-05 14:03:48.978212 ------
Sent a message to Telegram
------ Day: 2022-06-05 14:08:08.014132 ------
Sent a message to Telegram
#1INCH/USDT Day:  2022-06-05 07:00:10 UTC+7
Processing:  1INCH/USDT 364 2022-06-04 00:00:00 UTC
#ADA/USDT Day:  2022-06-05 07:00:10 UTC+7
Processing:  ADA/USDT 364 2022-06-04 00:00:00 UTC
 #ADA/USDT Day: 04, Jun 2022
 - Buy at: 0.550 - 0.568
 - Stoploss at : 0.505 -10.80%
 - Zone 1.172: 22T
 - Zone 1.392: 21T
 - Zone 0.532: 13T
 - Zone 2.127: 13T
 - Close at : 0.567
 - Value at MA5: 0.578
 - Value at MA10: 0.534
 - Value at MA20: 0.533
Sent a message to Telegram
#ALGO/USDT Day:  2022-06-05 07:00:10 UTC+7
Processing:  ALGO/USDT 364 2022-06-04 00:00:00 UTC
#ATA/USDT Day:  2022-06-05 07:00:10 UTC+7
Processing:  ATA/USDT 362 2022-06-04 00:00:00 UTC
 #ATA/USDT Day: 04, Jun 2022
 - Predict MA10 >= MA20 can buy
 - Can Buy at: 0.153
 - Bar is highWave 
 - Stoploss at : 0.130 -14.81%
 - Zone 0.466: 16T
 - Zone 0.972: 14T
 - Zone 1.557: 11T
 - Zone 0.161: 10T
 - Close at : 0.153
 - Value at MA5: 0.161
 - Value at MA10: 0.158
 - Value at MA20: 0.158
Sent a message to Telegram
#ATOM/USDT Day:  2022-06-05 07:00:10 UTC+7
Processing:  ATOM/USDT 364 2022-06-04 00:00:00 UTC
#AVAX/USDT Day:  2022-06-05 07:00:10 UTC+7
Processing:  AVAX/USDT 364 2022-06-04 00:00:00 UTC
#AXS/USDT Day:  2022-06-05 07:00:10 UTC+7
Processing:  AXS/USDT 364 2022-06-04 00:00:00 UTC
#BCH/USDT Day:  2022-06-05 07:00:10 UTC+7
Processing:  BCH/USDT 364 2022-06-04 00:00:00 UTC
#BEAM/USDT Day:  2022-06-05 07:00:10 UTC+7
Processing:  BEAM/USDT 364 2022-06-04 00:00:00 UTC
#BEL/USDT Day:  2022-06-05 07:00:10 UTC+7
Processing:  BEL/USDT 364 2022-06-04 00:00:00 UTC
 #BEL/USDT Day: 04, Jun 2022
 - Bar price drop -19.94%
 - Bar is marubozu 
 - Near the support/resistance zone
 - Profit now: 62.86%
 - Zone 0.980: 35T
 - Zone 0.858: 19T
 - Zone 1.681: 11T
 - Zone 0.336: 7T
 - Close at : 0.855
 - Value at MA5: 0.848
 - Value at MA10: 0.740
 - Value at MA20: 0.544
Sent a message to Telegram
#BETA/USDT Day:  2022-06-05 07:00:10 UTC+7
Processing:  BETA/USDT 239 2022-06-04 00:00:00 UTC
 #BETA/USDT Day: 04, Jun 2022
 - Rebuy at: 0.128 - 0.140
 - Near the support/resistance zone
 - MA5 < MA10 warning hold
 - Stoploss at : 0.105 -25.10%
 - Zone 0.135: 2827226T
 - Zone 0.473: 2745822T
 - Zone 3.227: 565600T
 - Close at : 0.133
 - Value at MA5: 0.126
 - Value at MA10: 0.129
 - Value at MA20: 0.126
Sent a message to Telegram
#BNB/USDT Day:  2022-06-05 07:00:10 UTC+7
Processing:  BNB/USDT 364 2022-06-04 00:00:00 UTC
 #BNB/USDT Day: 04, Jun 2022
 - Sell at: 300.697 - 306.536
 - Near the support/resistance zone
 - MA5 < MA10 warning hold
 - Profit now: -0.56%
 - Zone 301.776: 9T
 - Zone 415.443: 7T
 - Zone 355.393: 6T
 - Zone 473.349: 5T
 - Close at : 301.300
 - Value at MA5: 305.900
 - Value at MA10: 306.920
 - Value at MA20: 308.630
Sent a message to Telegram
#BTC/USDT Day:  2022-06-05 07:00:10 UTC+7
Processing:  BTC/USDT 364 2022-06-04 00:00:00 UTC
 #BTC/USDT Day: 04, Jun 2022
 - Rebuy at: 30224.137 - 30513.525
 - Near the support/resistance zone
 - Stoploss at : 28787.385 -5.47%
 - Zone 39605.940: 19T
 - Zone 29375.751: 18T
 - Zone 46852.324: 18T
 - Zone 33744.894: 14T
 - Close at : 29864.040
 - Value at MA5: 30324.748
 - Value at MA10: 29968.854
 - Value at MA20: 29814.396
Sent a message to Telegram
#BTCST/USDT Day:  2022-06-05 07:00:10 UTC+7
Processing:  BTCST/USDT 364 2022-06-04 00:00:00 UTC
#C98/USDT Day:  2022-06-05 07:00:10 UTC+7
Processing:  C98/USDT 316 2022-06-04 00:00:00 UTC
 #C98/USDT Day: 04, Jun 2022
 - Rebuy at: 0.560
 - Stoploss at : 0.559 0.00%
 - Zone 1.243: 23T
 - Zone 2.008: 23T
 - Zone 5.147: 16T
 - Zone 0.722: 13T
 - Close at : 0.626
 - Value at MA5: 0.640
 - Value at MA10: 0.620
 - Value at MA20: 0.593
Sent a message to Telegram
#CELO/USDT Day:  2022-06-05 07:00:10 UTC+7
Processing:  CELO/USDT 364 2022-06-04 00:00:00 UTC
 #CELO/USDT Day: 04, Jun 2022
 - Rebuy at: 1.284
 - Bar is highWave 
 - MA5 < MA10 warning hold
 - Predict MA10 < MA20 should sell
 - Stoploss at : 1.115 -12.97%
 - Zone 3.064: 31T
 - Zone 1.394: 24T
 - Zone 5.012: 20T
 - Zone 6.229: 18T
 - Close at : 1.281
 - Value at MA5: 1.343
 - Value at MA10: 1.357
 - Value at MA20: 1.351
Sent a message to Telegram
#CELR/USDT Day:  2022-06-05 07:00:10 UTC+7
Processing:  CELR/USDT 364 2022-06-04 00:00:00 UTC
#CHZ/USDT Day:  2022-06-05 07:00:10 UTC+7
Processing:  CHZ/USDT 364 2022-06-04 00:00:00 UTC
 #CHZ/USDT Day: 04, Jun 2022
 - Predict MA10 >= MA20 can buy
 - Can Buy at: 0.120 - 0.128
 - Stoploss at : 0.116 -9.43%
 - Zone 0.330: 81T
 - Zone 0.244: 81T
 - Zone 0.294: 77T
 - Zone 0.418: 36T
 - Close at : 0.128
 - Value at MA5: 0.123
 - Value at MA10: 0.118
 - Value at MA20: 0.119
Sent a message to Telegram
#CRV/USDT Day:  2022-06-05 07:00:10 UTC+7
Processing:  CRV/USDT 364 2022-06-04 00:00:00 UTC
 #CRV/USDT Day: 04, Jun 2022
 - Buy at: 1.181
 - Stoploss at : 1.031 -12.55%
 - Zone 2.243: 193T
 - Zone 2.854: 166T
 - Zone 1.453: 83T
 - Zone 4.745: 81T
 - Close at : 1.179
 - Value at MA5: 1.251
 - Value at MA10: 1.250
 - Value at MA20: 1.248
Sent a message to Telegram
#CTXC/USDT Day:  2022-06-05 07:00:10 UTC+7
Processing:  CTXC/USDT 364 2022-06-04 00:00:00 UTC
 #CTXC/USDT Day: 04, Jun 2022
 - Rebuy at: 0.134 - 0.136
 - Near the support/resistance zone
 - MA5 < MA10 warning hold
 - Stoploss at : 0.113 -16.38%
 - Zone 0.218: 81365242241101039331486369144072768061440T
 - Zone 0.297: 63860201273812376749375950927804770549760T
 - Zone 0.146: 53367946341976700877793934840240170598400T
 - Zone 0.421: 47497823386174323403135074951108965171200T
 - Close at : 0.142
 - Value at MA5: 0.141
 - Value at MA10: 0.142
 - Value at MA20: 0.138
Sent a message to Telegram
#DOGE/USDT Day:  2022-06-05 07:00:10 UTC+7
Processing:  DOGE/USDT 364 2022-06-04 00:00:00 UTC
#DOT/USDT Day:  2022-06-05 07:00:10 UTC+7
Processing:  DOT/USDT 364 2022-06-04 00:00:00 UTC
#DYDX/USDT Day:  2022-06-05 07:00:10 UTC+7
Processing:  DYDX/USDT 268 2022-06-04 00:00:00 UTC
#ETC/USDT Day:  2022-06-05 07:00:10 UTC+7
Processing:  ETC/USDT 364 2022-06-04 00:00:00 UTC
 #ETC/USDT Day: 04, Jun 2022
 - Rebuy at: 22.217 - 22.785
 - MA5 < MA10 warning hold
 - Stoploss at : 20.455 -10.05%
 - Zone 48.553: 117T
 - Zone 56.853: 105T
 - Zone 38.409: 91T
 - Zone 24.269: 56T
 - Close at : 21.980
 - Value at MA5: 22.406
 - Value at MA10: 22.769
 - Value at MA20: 22.122
Sent a message to Telegram
#ETH/USDT Day:  2022-06-05 07:00:10 UTC+7
Processing:  ETH/USDT 364 2022-06-04 00:00:00 UTC
#FET/USDT Day:  2022-06-05 07:00:10 UTC+7
Processing:  FET/USDT 364 2022-06-04 00:00:00 UTC
#FIL/USDT Day:  2022-06-05 07:00:10 UTC+7
Processing:  FIL/USDT 364 2022-06-04 00:00:00 UTC
#FLM/USDT Day:  2022-06-05 07:00:10 UTC+7
Processing:  FLM/USDT 364 2022-06-04 00:00:00 UTC
#FTM/USDT Day:  2022-06-05 07:00:10 UTC+7
Processing:  FTM/USDT 364 2022-06-04 00:00:00 UTC
#FTT/USDT Day:  2022-06-05 07:00:10 UTC+7
Processing:  FTT/USDT 364 2022-06-04 00:00:00 UTC
#GHST/USDT Day:  2022-06-05 07:00:10 UTC+7
Processing:  GHST/USDT 288 2022-06-04 00:00:00 UTC
#HIVE/USDT Day:  2022-06-05 07:00:10 UTC+7
Processing:  HIVE/USDT 364 2022-06-04 00:00:00 UTC
 #HIVE/USDT Day: 04, Jun 2022
 - Rebuy at: 0.512 - 0.580
 - Bar is highWave 
 - Stoploss at : 0.508 -12.12%
 - Zone 0.874: 547863T
 - Zone 0.438: 456827T
 - Zone 0.340: 418941T
 - Zone 1.129: 238151T
 - Close at : 0.536
 - Value at MA5: 0.547
 - Value at MA10: 0.511
 - Value at MA20: 0.503
Sent a message to Telegram
#ICP/USDT Day:  2022-06-05 07:00:10 UTC+7
Processing:  ICP/USDT 364 2022-06-04 00:00:00 UTC
#KAVA/USDT Day:  2022-06-05 07:00:10 UTC+7
Processing:  KAVA/USDT 364 2022-06-04 00:00:00 UTC
#LINK/USDT Day:  2022-06-05 07:00:10 UTC+7
Processing:  LINK/USDT 364 2022-06-04 00:00:00 UTC
#LTC/USDT Day:  2022-06-05 07:00:10 UTC+7
Processing:  LTC/USDT 364 2022-06-04 00:00:00 UTC
#MANA/USDT Day:  2022-06-05 07:00:10 UTC+7
Processing:  MANA/USDT 364 2022-06-04 00:00:00 UTC
#MATIC/USDT Day:  2022-06-05 07:00:10 UTC+7
Processing:  MATIC/USDT 364 2022-06-04 00:00:00 UTC
#NEAR/USDT Day:  2022-06-05 07:00:10 UTC+7
Processing:  NEAR/USDT 364 2022-06-04 00:00:00 UTC
#OGN/USDT Day:  2022-06-05 07:00:10 UTC+7
Processing:  OGN/USDT 364 2022-06-04 00:00:00 UTC
 #OGN/USDT Day: 04, Jun 2022
 - Rebuy at: 0.249 - 0.295
 - Near the support/resistance zone
 - Stoploss at : 0.243 -17.48%
 - Zone 0.610: 318T
 - Zone 0.675: 213T
 - Zone 0.341: 189T
 - Zone 0.280: 177T
 - Close at : 0.291
 - Value at MA5: 0.296
 - Value at MA10: 0.251
 - Value at MA20: 0.244
Sent a message to Telegram
#ONE/USDT Day:  2022-06-05 07:00:10 UTC+7
Processing:  ONE/USDT 364 2022-06-04 00:00:00 UTC
#PERL/USDT Day:  2022-06-05 07:00:10 UTC+7
Processing:  PERL/USDT 364 2022-06-04 00:00:00 UTC
 #PERL/USDT Day: 04, Jun 2022
 - Rebuy at: 0.019
 - MA5 < MA10 warning hold
 - Stoploss at : 0.015 -19.84%
 - Zone 0.060: 267T
 - Zone 0.093: 266T
 - Zone 0.117: 209T
 - Zone 0.087: 207T
 - Close at : 0.019
 - Value at MA5: 0.020
 - Value at MA10: 0.020
 - Value at MA20: 0.019
Sent a message to Telegram
#ROSE/USDT Day:  2022-06-05 07:00:10 UTC+7
Processing:  ROSE/USDT 364 2022-06-04 00:00:00 UTC
#SAND/USDT Day:  2022-06-05 07:00:10 UTC+7
Processing:  SAND/USDT 364 2022-06-04 00:00:00 UTC
 #SAND/USDT Day: 04, Jun 2022
 - Stoploss reached at: 1.258
 - Rebuy at: 1.337 - 1.441
 - Stoploss at : 1.258 -12.51%
 - Zone 0.657: 42T
 - Zone 3.110: 16T
 - Close at : 1.296
 - Value at MA5: 1.347
 - Value at MA10: 1.344
 - Value at MA20: 1.329
Sent a message to Telegram
#SFP/USDT Day:  2022-06-05 07:00:10 UTC+7
Processing:  SFP/USDT 364 2022-06-04 00:00:00 UTC
 #SFP/USDT Day: 04, Jun 2022
 - Rebuy at: 0.380
 - MA5 < MA10 warning hold
 - Stoploss at : 0.379 0.00%
 - Zone 0.741: 626880T
 - Zone 1.055: 536584T
 - Zone 2.372: 525169T
 - Zone 1.901: 372839T
 - Close at : 0.404
 - Value at MA5: 0.409
 - Value at MA10: 0.411
 - Value at MA20: 0.401
Sent a message to Telegram
#SOL/USDT Day:  2022-06-05 07:00:10 UTC+7
Processing:  SOL/USDT 364 2022-06-04 00:00:00 UTC
#SRM/USDT Day:  2022-06-05 07:00:10 UTC+7
Processing:  SRM/USDT 364 2022-06-04 00:00:00 UTC
#SUPER/USDT Day:  2022-06-05 07:00:10 UTC+7
Processing:  SUPER/USDT 364 2022-06-04 00:00:00 UTC
#SXP/USDT Day:  2022-06-05 07:00:10 UTC+7
Processing:  SXP/USDT 364 2022-06-04 00:00:00 UTC
#TLM/USDT Day:  2022-06-05 07:00:10 UTC+7
Processing:  TLM/USDT 364 2022-06-04 00:00:00 UTC
#TROY/USDT Day:  2022-06-05 07:00:10 UTC+7
Processing:  TROY/USDT 364 2022-06-04 00:00:00 UTC
 #TROY/USDT Day: 04, Jun 2022
 - Rebuy at: 0.004 - 0.004
 - Stoploss at : 0.003 -21.78%
 - Zone 0.009: 76T
 - Zone 0.013: 50T
 - Zone 0.014: 43T
 - Zone 0.011: 34T
 - Close at : 0.004
 - Value at MA5: 0.004
 - Value at MA10: 0.004
 - Value at MA20: 0.004
Sent a message to Telegram
#TRX/USDT Day:  2022-06-05 07:00:10 UTC+7
Processing:  TRX/USDT 364 2022-06-04 00:00:00 UTC
 #TRX/USDT Day: 04, Jun 2022
 - Rebuy at: 0.078 - 0.082
 - Histogram cross-down below 0
 - Stoploss at : 0.075 -9.10%
 - Zone 0.061: 33T
 - Zone 0.068: 28T
 - Zone 0.087: 26T
 - Zone 0.072: 26T
 - Close at : 0.080
 - Value at MA5: 0.083
 - Value at MA10: 0.082
 - Value at MA20: 0.079
Sent a message to Telegram
#UNI/USDT Day:  2022-06-05 07:00:10 UTC+7
Processing:  UNI/USDT 364 2022-06-04 00:00:00 UTC
#WAVES/USDT Day:  2022-06-05 07:00:10 UTC+7
Processing:  WAVES/USDT 364 2022-06-04 00:00:00 UTC
 #WAVES/USDT Day: 04, Jun 2022
 - Rebuy at: 6.953 - 9.539
 - Bar price drop -9.11%
 - Near the support/resistance zone
 - Stoploss at : 7.843 -17.62%
 - Zone 9.217: 567294236405309T
 - Zone 13.878: 225539233383439T
 - Zone 28.407: 133741285105250T
 - Zone 22.239: 131034363486067T
 - Close at : 8.880
 - Value at MA5: 9.278
 - Value at MA10: 7.215
 - Value at MA20: 6.609
Sent a message to Telegram
#WRX/USDT Day:  2022-06-05 07:00:10 UTC+7
Processing:  WRX/USDT 364 2022-06-04 00:00:00 UTC
#XTZ/USDT Day:  2022-06-05 07:00:10 UTC+7
Processing:  XTZ/USDT 364 2022-06-04 00:00:00 UTC
 #XTZ/USDT Day: 04, Jun 2022
 - Rebuy at: 1.924 - 1.975
 - Stoploss at : 1.744 -11.52%
 - Zone 3.028: 60T
 - Zone 4.415: 56T
 - Zone 5.628: 55T
 - Zone 6.168: 53T
 - Close at : 1.912
 - Value at MA5: 1.968
 - Value at MA10: 1.961
 - Value at MA20: 1.917
Sent a message to Telegram
------ EOD: 2022-06-05 14:08:08.014132 ------
Sent a message to Telegram
------ Day: 2022-06-05 14:22:02.970799 ------
Sent a message to Telegram
#1INCH/USDT Day:  2022-06-05 07:00:10 UTC+7
Processing:  1INCH/USDT 364 2022-06-04 00:00:00 UTC
#ADA/USDT Day:  2022-06-05 07:00:10 UTC+7
Processing:  ADA/USDT 364 2022-06-04 00:00:00 UTC
Sent a message to Telegram
#ALGO/USDT Day:  2022-06-05 07:00:10 UTC+7
Processing:  ALGO/USDT 364 2022-06-04 00:00:00 UTC
#ATA/USDT Day:  2022-06-05 07:00:10 UTC+7
Processing:  ATA/USDT 362 2022-06-04 00:00:00 UTC
Sent a message to Telegram
#ATOM/USDT Day:  2022-06-05 07:00:10 UTC+7
Processing:  ATOM/USDT 364 2022-06-04 00:00:00 UTC
#AVAX/USDT Day:  2022-06-05 07:00:10 UTC+7
Processing:  AVAX/USDT 364 2022-06-04 00:00:00 UTC
#AXS/USDT Day:  2022-06-05 07:00:10 UTC+7
Processing:  AXS/USDT 364 2022-06-04 00:00:00 UTC
#BCH/USDT Day:  2022-06-05 07:00:10 UTC+7
Processing:  BCH/USDT 364 2022-06-04 00:00:00 UTC
#BEAM/USDT Day:  2022-06-05 07:00:10 UTC+7
Processing:  BEAM/USDT 364 2022-06-04 00:00:00 UTC
#BEL/USDT Day:  2022-06-05 07:00:10 UTC+7
Processing:  BEL/USDT 364 2022-06-04 00:00:00 UTC
Sent a message to Telegram
#BETA/USDT Day:  2022-06-05 07:00:10 UTC+7
Processing:  BETA/USDT 239 2022-06-04 00:00:00 UTC
Sent a message to Telegram
#BNB/USDT Day:  2022-06-05 07:00:10 UTC+7
Processing:  BNB/USDT 364 2022-06-04 00:00:00 UTC
Sent a message to Telegram
#BTC/USDT Day:  2022-06-05 07:00:10 UTC+7
Processing:  BTC/USDT 364 2022-06-04 00:00:00 UTC
Sent a message to Telegram
#BTCST/USDT Day:  2022-06-05 07:00:10 UTC+7
Processing:  BTCST/USDT 364 2022-06-04 00:00:00 UTC
#C98/USDT Day:  2022-06-05 07:00:10 UTC+7
Processing:  C98/USDT 316 2022-06-04 00:00:00 UTC
Sent a message to Telegram
#CELO/USDT Day:  2022-06-05 07:00:10 UTC+7
Processing:  CELO/USDT 364 2022-06-04 00:00:00 UTC
Sent a message to Telegram
#CELR/USDT Day:  2022-06-05 07:00:10 UTC+7
Processing:  CELR/USDT 364 2022-06-04 00:00:00 UTC
#CHZ/USDT Day:  2022-06-05 07:00:10 UTC+7
Processing:  CHZ/USDT 364 2022-06-04 00:00:00 UTC
Sent a message to Telegram
#CRV/USDT Day:  2022-06-05 07:00:10 UTC+7
Processing:  CRV/USDT 364 2022-06-04 00:00:00 UTC
Sent a message to Telegram
#CTXC/USDT Day:  2022-06-05 07:00:10 UTC+7
Processing:  CTXC/USDT 364 2022-06-04 00:00:00 UTC
Sent a message to Telegram
#DOGE/USDT Day:  2022-06-05 07:00:10 UTC+7
Processing:  DOGE/USDT 364 2022-06-04 00:00:00 UTC
#DOT/USDT Day:  2022-06-05 07:00:10 UTC+7
Processing:  DOT/USDT 364 2022-06-04 00:00:00 UTC
#DYDX/USDT Day:  2022-06-05 07:00:10 UTC+7
Processing:  DYDX/USDT 268 2022-06-04 00:00:00 UTC
#ETC/USDT Day:  2022-06-05 07:00:10 UTC+7
Processing:  ETC/USDT 364 2022-06-04 00:00:00 UTC
Sent a message to Telegram
#ETH/USDT Day:  2022-06-05 07:00:10 UTC+7
Processing:  ETH/USDT 364 2022-06-04 00:00:00 UTC
#FET/USDT Day:  2022-06-05 07:00:10 UTC+7
Processing:  FET/USDT 364 2022-06-04 00:00:00 UTC
#FIL/USDT Day:  2022-06-05 07:00:10 UTC+7
Processing:  FIL/USDT 364 2022-06-04 00:00:00 UTC
#FLM/USDT Day:  2022-06-05 07:00:10 UTC+7
Processing:  FLM/USDT 364 2022-06-04 00:00:00 UTC
#FTM/USDT Day:  2022-06-05 07:00:10 UTC+7
Processing:  FTM/USDT 364 2022-06-04 00:00:00 UTC
#FTT/USDT Day:  2022-06-05 07:00:10 UTC+7
Processing:  FTT/USDT 364 2022-06-04 00:00:00 UTC
#GHST/USDT Day:  2022-06-05 07:00:10 UTC+7
Processing:  GHST/USDT 288 2022-06-04 00:00:00 UTC
#HIVE/USDT Day:  2022-06-05 07:00:10 UTC+7
Processing:  HIVE/USDT 364 2022-06-04 00:00:00 UTC
Sent a message to Telegram
#ICP/USDT Day:  2022-06-05 07:00:10 UTC+7
Processing:  ICP/USDT 364 2022-06-04 00:00:00 UTC
#KAVA/USDT Day:  2022-06-05 07:00:10 UTC+7
Processing:  KAVA/USDT 364 2022-06-04 00:00:00 UTC
#LINK/USDT Day:  2022-06-05 07:00:10 UTC+7
Processing:  LINK/USDT 364 2022-06-04 00:00:00 UTC
#LTC/USDT Day:  2022-06-05 07:00:10 UTC+7
Processing:  LTC/USDT 364 2022-06-04 00:00:00 UTC
#MANA/USDT Day:  2022-06-05 07:00:10 UTC+7
Processing:  MANA/USDT 364 2022-06-04 00:00:00 UTC
#MATIC/USDT Day:  2022-06-05 07:00:10 UTC+7
Processing:  MATIC/USDT 364 2022-06-04 00:00:00 UTC
#NEAR/USDT Day:  2022-06-05 07:00:10 UTC+7
Processing:  NEAR/USDT 364 2022-06-04 00:00:00 UTC
#OGN/USDT Day:  2022-06-05 07:00:10 UTC+7
Processing:  OGN/USDT 364 2022-06-04 00:00:00 UTC
Sent a message to Telegram
#ONE/USDT Day:  2022-06-05 07:00:10 UTC+7
Processing:  ONE/USDT 364 2022-06-04 00:00:00 UTC
#PERL/USDT Day:  2022-06-05 07:00:10 UTC+7
Processing:  PERL/USDT 364 2022-06-04 00:00:00 UTC
Sent a message to Telegram
#ROSE/USDT Day:  2022-06-05 07:00:10 UTC+7
Processing:  ROSE/USDT 364 2022-06-04 00:00:00 UTC
#SAND/USDT Day:  2022-06-05 07:00:10 UTC+7
Processing:  SAND/USDT 364 2022-06-04 00:00:00 UTC
Sent a message to Telegram
#SFP/USDT Day:  2022-06-05 07:00:10 UTC+7
Processing:  SFP/USDT 364 2022-06-04 00:00:00 UTC
Sent a message to Telegram
#SOL/USDT Day:  2022-06-05 07:00:10 UTC+7
Processing:  SOL/USDT 364 2022-06-04 00:00:00 UTC
#SRM/USDT Day:  2022-06-05 07:00:10 UTC+7
Processing:  SRM/USDT 364 2022-06-04 00:00:00 UTC
#SUPER/USDT Day:  2022-06-05 07:00:10 UTC+7
Processing:  SUPER/USDT 364 2022-06-04 00:00:00 UTC
#SXP/USDT Day:  2022-06-05 07:00:10 UTC+7
Processing:  SXP/USDT 364 2022-06-04 00:00:00 UTC
#TLM/USDT Day:  2022-06-05 07:00:10 UTC+7
Processing:  TLM/USDT 364 2022-06-04 00:00:00 UTC
#TROY/USDT Day:  2022-06-05 07:00:10 UTC+7
Processing:  TROY/USDT 364 2022-06-04 00:00:00 UTC
Sent a message to Telegram
#TRX/USDT Day:  2022-06-05 07:00:10 UTC+7
Processing:  TRX/USDT 364 2022-06-04 00:00:00 UTC
Sent a message to Telegram
#UNI/USDT Day:  2022-06-05 07:00:10 UTC+7
Processing:  UNI/USDT 364 2022-06-04 00:00:00 UTC
#WAVES/USDT Day:  2022-06-05 07:00:10 UTC+7
Processing:  WAVES/USDT 364 2022-06-04 00:00:00 UTC
Sent a message to Telegram
#WRX/USDT Day:  2022-06-05 07:00:10 UTC+7
Processing:  WRX/USDT 364 2022-06-04 00:00:00 UTC
#XTZ/USDT Day:  2022-06-05 07:00:10 UTC+7
Processing:  XTZ/USDT 364 2022-06-04 00:00:00 UTC
Sent a message to Telegram
------ EOD: 2022-06-05 14:22:02.970799 ------
Sent a message to Telegram
------ Day: 2022-06-05 14:26:37.079615 ------
Sent a message to Telegram
#1INCH/USDT Day:  2022-06-05 07:00:10 UTC+7
Processing:  1INCH/USDT 364 2022-06-04 00:00:00 UTC
#ADA/USDT Day:  2022-06-05 07:00:10 UTC+7
Processing:  ADA/USDT 364 2022-06-04 00:00:00 UTC
Sent a message to Telegram
#ALGO/USDT Day:  2022-06-05 07:00:10 UTC+7
Processing:  ALGO/USDT 364 2022-06-04 00:00:00 UTC
#ATA/USDT Day:  2022-06-05 07:00:10 UTC+7
Processing:  ATA/USDT 362 2022-06-04 00:00:00 UTC
Sent a message to Telegram
#ATOM/USDT Day:  2022-06-05 07:00:10 UTC+7
Processing:  ATOM/USDT 364 2022-06-04 00:00:00 UTC
#AVAX/USDT Day:  2022-06-05 07:00:10 UTC+7
Processing:  AVAX/USDT 364 2022-06-04 00:00:00 UTC
#AXS/USDT Day:  2022-06-05 07:00:10 UTC+7
Processing:  AXS/USDT 364 2022-06-04 00:00:00 UTC
#BCH/USDT Day:  2022-06-05 07:00:10 UTC+7
Processing:  BCH/USDT 364 2022-06-04 00:00:00 UTC
#BEAM/USDT Day:  2022-06-05 07:00:10 UTC+7
Processing:  BEAM/USDT 364 2022-06-04 00:00:00 UTC
#BEL/USDT Day:  2022-06-05 07:00:10 UTC+7
Processing:  BEL/USDT 364 2022-06-04 00:00:00 UTC
Sent a message to Telegram
#BETA/USDT Day:  2022-06-05 07:00:10 UTC+7
Processing:  BETA/USDT 239 2022-06-04 00:00:00 UTC
Sent a message to Telegram
#BNB/USDT Day:  2022-06-05 07:00:10 UTC+7
Processing:  BNB/USDT 364 2022-06-04 00:00:00 UTC
Sent a message to Telegram
#BTC/USDT Day:  2022-06-05 07:00:10 UTC+7
Processing:  BTC/USDT 364 2022-06-04 00:00:00 UTC
Sent a message to Telegram
#BTCST/USDT Day:  2022-06-05 07:00:10 UTC+7
Processing:  BTCST/USDT 364 2022-06-04 00:00:00 UTC
#C98/USDT Day:  2022-06-05 07:00:10 UTC+7
Processing:  C98/USDT 316 2022-06-04 00:00:00 UTC
Sent a message to Telegram
#CELO/USDT Day:  2022-06-05 07:00:10 UTC+7
Processing:  CELO/USDT 364 2022-06-04 00:00:00 UTC
Sent a message to Telegram
#CELR/USDT Day:  2022-06-05 07:00:10 UTC+7
Processing:  CELR/USDT 364 2022-06-04 00:00:00 UTC
#CHZ/USDT Day:  2022-06-05 07:00:10 UTC+7
Processing:  CHZ/USDT 364 2022-06-04 00:00:00 UTC
Sent a message to Telegram
#CRV/USDT Day:  2022-06-05 07:00:10 UTC+7
Processing:  CRV/USDT 364 2022-06-04 00:00:00 UTC
Sent a message to Telegram
#CTXC/USDT Day:  2022-06-05 07:00:10 UTC+7
Processing:  CTXC/USDT 364 2022-06-04 00:00:00 UTC
Sent a message to Telegram
#DOGE/USDT Day:  2022-06-05 07:00:10 UTC+7
Processing:  DOGE/USDT 364 2022-06-04 00:00:00 UTC
#DOT/USDT Day:  2022-06-05 07:00:10 UTC+7
Processing:  DOT/USDT 364 2022-06-04 00:00:00 UTC
#DYDX/USDT Day:  2022-06-05 07:00:10 UTC+7
Processing:  DYDX/USDT 268 2022-06-04 00:00:00 UTC
#ETC/USDT Day:  2022-06-05 07:00:10 UTC+7
Processing:  ETC/USDT 364 2022-06-04 00:00:00 UTC
Sent a message to Telegram
#ETH/USDT Day:  2022-06-05 07:00:10 UTC+7
Processing:  ETH/USDT 364 2022-06-04 00:00:00 UTC
#FET/USDT Day:  2022-06-05 07:00:10 UTC+7
Processing:  FET/USDT 364 2022-06-04 00:00:00 UTC
#FIL/USDT Day:  2022-06-05 07:00:10 UTC+7
Processing:  FIL/USDT 364 2022-06-04 00:00:00 UTC
#FLM/USDT Day:  2022-06-05 07:00:10 UTC+7
Processing:  FLM/USDT 364 2022-06-04 00:00:00 UTC
#FTM/USDT Day:  2022-06-05 07:00:10 UTC+7
Processing:  FTM/USDT 364 2022-06-04 00:00:00 UTC
#FTT/USDT Day:  2022-06-05 07:00:10 UTC+7
Processing:  FTT/USDT 364 2022-06-04 00:00:00 UTC
#GHST/USDT Day:  2022-06-05 07:00:10 UTC+7
Processing:  GHST/USDT 288 2022-06-04 00:00:00 UTC
#HIVE/USDT Day:  2022-06-05 07:00:10 UTC+7
Processing:  HIVE/USDT 364 2022-06-04 00:00:00 UTC
Sent a message to Telegram
#ICP/USDT Day:  2022-06-05 07:00:10 UTC+7
Processing:  ICP/USDT 364 2022-06-04 00:00:00 UTC
#KAVA/USDT Day:  2022-06-05 07:00:10 UTC+7
Processing:  KAVA/USDT 364 2022-06-04 00:00:00 UTC
#LINK/USDT Day:  2022-06-05 07:00:10 UTC+7
Processing:  LINK/USDT 364 2022-06-04 00:00:00 UTC
#LTC/USDT Day:  2022-06-05 07:00:10 UTC+7
Processing:  LTC/USDT 364 2022-06-04 00:00:00 UTC
#MANA/USDT Day:  2022-06-05 07:00:10 UTC+7
Processing:  MANA/USDT 364 2022-06-04 00:00:00 UTC
#MATIC/USDT Day:  2022-06-05 07:00:10 UTC+7
Processing:  MATIC/USDT 364 2022-06-04 00:00:00 UTC
#NEAR/USDT Day:  2022-06-05 07:00:10 UTC+7
Processing:  NEAR/USDT 364 2022-06-04 00:00:00 UTC
#OGN/USDT Day:  2022-06-05 07:00:10 UTC+7
Processing:  OGN/USDT 364 2022-06-04 00:00:00 UTC
Sent a message to Telegram
#ONE/USDT Day:  2022-06-05 07:00:10 UTC+7
Processing:  ONE/USDT 364 2022-06-04 00:00:00 UTC
#PERL/USDT Day:  2022-06-05 07:00:10 UTC+7
Processing:  PERL/USDT 364 2022-06-04 00:00:00 UTC
Sent a message to Telegram
#ROSE/USDT Day:  2022-06-05 07:00:10 UTC+7
Processing:  ROSE/USDT 364 2022-06-04 00:00:00 UTC
#SAND/USDT Day:  2022-06-05 07:00:10 UTC+7
Processing:  SAND/USDT 364 2022-06-04 00:00:00 UTC
Sent a message to Telegram
#SFP/USDT Day:  2022-06-05 07:00:10 UTC+7
Processing:  SFP/USDT 364 2022-06-04 00:00:00 UTC
Sent a message to Telegram
#SOL/USDT Day:  2022-06-05 07:00:10 UTC+7
Processing:  SOL/USDT 364 2022-06-04 00:00:00 UTC
#SRM/USDT Day:  2022-06-05 07:00:10 UTC+7
Processing:  SRM/USDT 364 2022-06-04 00:00:00 UTC
#SUPER/USDT Day:  2022-06-05 07:00:10 UTC+7
Processing:  SUPER/USDT 364 2022-06-04 00:00:00 UTC
#SXP/USDT Day:  2022-06-05 07:00:10 UTC+7
Processing:  SXP/USDT 364 2022-06-04 00:00:00 UTC
#TLM/USDT Day:  2022-06-05 07:00:10 UTC+7
Processing:  TLM/USDT 364 2022-06-04 00:00:00 UTC
#TROY/USDT Day:  2022-06-05 07:00:10 UTC+7
Processing:  TROY/USDT 364 2022-06-04 00:00:00 UTC
Sent a message to Telegram
#TRX/USDT Day:  2022-06-05 07:00:10 UTC+7
Processing:  TRX/USDT 364 2022-06-04 00:00:00 UTC
Sent a message to Telegram
#UNI/USDT Day:  2022-06-05 07:00:10 UTC+7
Processing:  UNI/USDT 364 2022-06-04 00:00:00 UTC
#WAVES/USDT Day:  2022-06-05 07:00:10 UTC+7
Processing:  WAVES/USDT 364 2022-06-04 00:00:00 UTC
Sent a message to Telegram
#WRX/USDT Day:  2022-06-05 07:00:10 UTC+7
Processing:  WRX/USDT 364 2022-06-04 00:00:00 UTC
#XTZ/USDT Day:  2022-06-05 07:00:10 UTC+7
Processing:  XTZ/USDT 364 2022-06-04 00:00:00 UTC
Sent a message to Telegram
------ EOD: 2022-06-05 14:26:37.079615 ------
Sent a message to Telegram
------ Day: 2022-06-05 14:29:12.380174 ------
Sent a message to Telegram
#1INCH/USDT Day:  2022-06-05 07:00:10 UTC+7
Processing:  1INCH/USDT 364 2022-06-04 00:00:00 UTC
#ADA/USDT Day:  2022-06-05 07:00:10 UTC+7
Processing:  ADA/USDT 364 2022-06-04 00:00:00 UTC
Sent a message to Telegram
#ALGO/USDT Day:  2022-06-05 07:00:10 UTC+7
Processing:  ALGO/USDT 364 2022-06-04 00:00:00 UTC
#ATA/USDT Day:  2022-06-05 07:00:10 UTC+7
Processing:  ATA/USDT 362 2022-06-04 00:00:00 UTC
Sent a message to Telegram
#ATOM/USDT Day:  2022-06-05 07:00:10 UTC+7
Processing:  ATOM/USDT 364 2022-06-04 00:00:00 UTC
#AVAX/USDT Day:  2022-06-05 07:00:10 UTC+7
Processing:  AVAX/USDT 364 2022-06-04 00:00:00 UTC
#AXS/USDT Day:  2022-06-05 07:00:10 UTC+7
Processing:  AXS/USDT 364 2022-06-04 00:00:00 UTC
#BCH/USDT Day:  2022-06-05 07:00:10 UTC+7
Processing:  BCH/USDT 364 2022-06-04 00:00:00 UTC
#BEAM/USDT Day:  2022-06-05 07:00:10 UTC+7
Processing:  BEAM/USDT 364 2022-06-04 00:00:00 UTC
#BEL/USDT Day:  2022-06-05 07:00:10 UTC+7
Processing:  BEL/USDT 364 2022-06-04 00:00:00 UTC
Sent a message to Telegram
#BETA/USDT Day:  2022-06-05 07:00:10 UTC+7
Processing:  BETA/USDT 239 2022-06-04 00:00:00 UTC
Sent a message to Telegram
#BNB/USDT Day:  2022-06-05 07:00:10 UTC+7
Processing:  BNB/USDT 364 2022-06-04 00:00:00 UTC
Sent a message to Telegram
#BTC/USDT Day:  2022-06-05 07:00:10 UTC+7
Processing:  BTC/USDT 364 2022-06-04 00:00:00 UTC
Sent a message to Telegram
#BTCST/USDT Day:  2022-06-05 07:00:10 UTC+7
Processing:  BTCST/USDT 364 2022-06-04 00:00:00 UTC
#C98/USDT Day:  2022-06-05 07:00:10 UTC+7
Processing:  C98/USDT 316 2022-06-04 00:00:00 UTC
Sent a message to Telegram
#CELO/USDT Day:  2022-06-05 07:00:10 UTC+7
Processing:  CELO/USDT 364 2022-06-04 00:00:00 UTC
Sent a message to Telegram
#CELR/USDT Day:  2022-06-05 07:00:10 UTC+7
Processing:  CELR/USDT 364 2022-06-04 00:00:00 UTC
#CHZ/USDT Day:  2022-06-05 07:00:10 UTC+7
Processing:  CHZ/USDT 364 2022-06-04 00:00:00 UTC
Sent a message to Telegram
#CRV/USDT Day:  2022-06-05 07:00:10 UTC+7
Processing:  CRV/USDT 364 2022-06-04 00:00:00 UTC
Sent a message to Telegram
#CTXC/USDT Day:  2022-06-05 07:00:10 UTC+7
Processing:  CTXC/USDT 364 2022-06-04 00:00:00 UTC
Sent a message to Telegram
#DOGE/USDT Day:  2022-06-05 07:00:10 UTC+7
Processing:  DOGE/USDT 364 2022-06-04 00:00:00 UTC
#DOT/USDT Day:  2022-06-05 07:00:10 UTC+7
Processing:  DOT/USDT 364 2022-06-04 00:00:00 UTC
#DYDX/USDT Day:  2022-06-05 07:00:10 UTC+7
Processing:  DYDX/USDT 268 2022-06-04 00:00:00 UTC
#ETC/USDT Day:  2022-06-05 07:00:10 UTC+7
Processing:  ETC/USDT 364 2022-06-04 00:00:00 UTC
Sent a message to Telegram
#ETH/USDT Day:  2022-06-05 07:00:10 UTC+7
Processing:  ETH/USDT 364 2022-06-04 00:00:00 UTC
#FET/USDT Day:  2022-06-05 07:00:10 UTC+7
Processing:  FET/USDT 364 2022-06-04 00:00:00 UTC
#FIL/USDT Day:  2022-06-05 07:00:10 UTC+7
Processing:  FIL/USDT 364 2022-06-04 00:00:00 UTC
#FLM/USDT Day:  2022-06-05 07:00:10 UTC+7
Processing:  FLM/USDT 364 2022-06-04 00:00:00 UTC
#FTM/USDT Day:  2022-06-05 07:00:10 UTC+7
Processing:  FTM/USDT 364 2022-06-04 00:00:00 UTC
#FTT/USDT Day:  2022-06-05 07:00:10 UTC+7
Processing:  FTT/USDT 364 2022-06-04 00:00:00 UTC
#GHST/USDT Day:  2022-06-05 07:00:10 UTC+7
Processing:  GHST/USDT 288 2022-06-04 00:00:00 UTC
#HIVE/USDT Day:  2022-06-05 07:00:10 UTC+7
Processing:  HIVE/USDT 364 2022-06-04 00:00:00 UTC
Sent a message to Telegram
#ICP/USDT Day:  2022-06-05 07:00:10 UTC+7
Processing:  ICP/USDT 364 2022-06-04 00:00:00 UTC
#KAVA/USDT Day:  2022-06-05 07:00:10 UTC+7
Processing:  KAVA/USDT 364 2022-06-04 00:00:00 UTC
#LINK/USDT Day:  2022-06-05 07:00:10 UTC+7
Processing:  LINK/USDT 364 2022-06-04 00:00:00 UTC
#LTC/USDT Day:  2022-06-05 07:00:10 UTC+7
Processing:  LTC/USDT 364 2022-06-04 00:00:00 UTC
#MANA/USDT Day:  2022-06-05 07:00:10 UTC+7
Processing:  MANA/USDT 364 2022-06-04 00:00:00 UTC
#MATIC/USDT Day:  2022-06-05 07:00:10 UTC+7
Processing:  MATIC/USDT 364 2022-06-04 00:00:00 UTC
#NEAR/USDT Day:  2022-06-05 07:00:10 UTC+7
Processing:  NEAR/USDT 364 2022-06-04 00:00:00 UTC
#OGN/USDT Day:  2022-06-05 07:00:10 UTC+7
Processing:  OGN/USDT 364 2022-06-04 00:00:00 UTC
Sent a message to Telegram
#ONE/USDT Day:  2022-06-05 07:00:10 UTC+7
Processing:  ONE/USDT 364 2022-06-04 00:00:00 UTC
#PERL/USDT Day:  2022-06-05 07:00:10 UTC+7
Processing:  PERL/USDT 364 2022-06-04 00:00:00 UTC
Sent a message to Telegram
#ROSE/USDT Day:  2022-06-05 07:00:10 UTC+7
Processing:  ROSE/USDT 364 2022-06-04 00:00:00 UTC
#SAND/USDT Day:  2022-06-05 07:00:10 UTC+7
Processing:  SAND/USDT 364 2022-06-04 00:00:00 UTC
Sent a message to Telegram
#SFP/USDT Day:  2022-06-05 07:00:10 UTC+7
Processing:  SFP/USDT 364 2022-06-04 00:00:00 UTC
Sent a message to Telegram
#SOL/USDT Day:  2022-06-05 07:00:10 UTC+7
Processing:  SOL/USDT 364 2022-06-04 00:00:00 UTC
#SRM/USDT Day:  2022-06-05 07:00:10 UTC+7
Processing:  SRM/USDT 364 2022-06-04 00:00:00 UTC
#SUPER/USDT Day:  2022-06-05 07:00:10 UTC+7
Processing:  SUPER/USDT 364 2022-06-04 00:00:00 UTC
#SXP/USDT Day:  2022-06-05 07:00:10 UTC+7
Processing:  SXP/USDT 364 2022-06-04 00:00:00 UTC
#TLM/USDT Day:  2022-06-05 07:00:10 UTC+7
Processing:  TLM/USDT 364 2022-06-04 00:00:00 UTC
#TROY/USDT Day:  2022-06-05 07:00:10 UTC+7
Processing:  TROY/USDT 364 2022-06-04 00:00:00 UTC
Sent a message to Telegram
#TRX/USDT Day:  2022-06-05 07:00:10 UTC+7
Processing:  TRX/USDT 364 2022-06-04 00:00:00 UTC
Sent a message to Telegram
#UNI/USDT Day:  2022-06-05 07:00:10 UTC+7
Processing:  UNI/USDT 364 2022-06-04 00:00:00 UTC
#WAVES/USDT Day:  2022-06-05 07:00:10 UTC+7
Processing:  WAVES/USDT 364 2022-06-04 00:00:00 UTC
Telegram Exception: Timed out
Retry after 10 seconds
Sent a message to Telegram
#WRX/USDT Day:  2022-06-05 07:00:10 UTC+7
Processing:  WRX/USDT 364 2022-06-04 00:00:00 UTC
#XTZ/USDT Day:  2022-06-05 07:00:10 UTC+7
Processing:  XTZ/USDT 364 2022-06-04 00:00:00 UTC
Sent a message to Telegram
------ EOD: 2022-06-05 14:29:12.380174 ------
Sent a message to Telegram
